2012-4-25 21:27:05 正在初始化...
2012-4-25 21:27:06 数据库读取成功！
2012-4-25 21:27:06 初始化成功!

2012-4-25 21:27:08
http://baike.baidu.com
成功!
处理页面: 1; 下载页面: 1; 失败数: 0; 剩余URL: 198; 下载总量: 68.0KB.


2012-4-25 21:27:09
http://baike.baidu.com/wenhua/
成功!
处理页面: 2; 下载页面: 2; 失败数: 0; 剩余URL: 216; 下载总量: 111.0KB.


2012-4-25 21:27:10
http://baike.baidu.com/view/1082741.html
成功!
处理页面: 3; 下载页面: 3; 失败数: 0; 剩余URL: 226; 下载总量: 137.0KB.


2012-4-25 21:27:11
http://baike.baidu.com/taglist?tag=%C9%F1%BB%B0
成功!
处理页面: 4; 下载页面: 4; 失败数: 0; 剩余URL: 286; 下载总量: 156.0KB.


2012-4-25 21:27:12
http://baike.baidu.com/taglist?tag=%B6%AF%C2%FE%C8%CB%CE%EF
成功!
处理页面: 5; 下载页面: 5; 失败数: 0; 剩余URL: 346; 下载总量: 175.0KB.


2012-4-25 21:27:13
http://baike.baidu.com/taglist?tag=%D4%CB%B6%AF%D4%B1
成功!
处理页面: 6; 下载页面: 6; 失败数: 0; 剩余URL: 406; 下载总量: 194.0KB.


2012-4-25 21:27:13
http://baike.baidu.com/taglist?tag=%D3%B0%D0%C7
成功!
处理页面: 7; 下载页面: 7; 失败数: 0; 剩余URL: 427; 下载总量: 208.0KB.


2012-4-25 21:27:14
http://baike.baidu.com/view/1283025.html
成功!
处理页面: 8; 下载页面: 8; 失败数: 0; 剩余URL: 432; 下载总量: 231.0KB.


2012-4-25 21:27:16
http://baike.baidu.com/view/1282902.html
成功!
处理页面: 9; 下载页面: 9; 失败数: 0; 剩余URL: 447; 下载总量: 272.0KB.


2012-4-25 21:27:16
http://baike.baidu.com/view/1282676.html
成功!
处理页面: 10; 下载页面: 10; 失败数: 0; 剩余URL: 473; 下载总量: 299.0KB.


2012-4-26 9:41:53 正在初始化...
2012-4-26 9:41:54 数据库读取成功！
2012-4-26 9:41:54 初始化成功!

2012-4-26 9:41:56
http://baike.baidu.com
成功!
处理页面: 1; 下载页面: 1; 失败数: 0; 剩余URL: 198; 下载总量: 68.0KB.


2012-4-26 9:41:57
http://baike.baidu.com/view/913415.html
成功!
处理页面: 2; 下载页面: 2; 失败数: 0; 剩余URL: 107; 下载总量: 96.0KB.


2012-4-26 9:41:58
http://baike.baidu.com/view/1.html
成功!
处理页面: 3; 下载页面: 2; 失败数: 0; 剩余URL: 155; 下载总量: 175.0KB.


2012-4-26 9:41:58
http://baike.baidu.com/taglist?tag=%C9%F1%BB%B0
成功!
处理页面: 4; 下载页面: 3; 失败数: 0; 剩余URL: 215; 下载总量: 194.0KB.


2012-4-26 9:41:59
http://baike.baidu.com/taglist?tag=%B6%AF%C2%FE%C8%CB%CE%EF
成功!
处理页面: 5; 下载页面: 4; 失败数: 0; 剩余URL: 275; 下载总量: 213.0KB.


2012-4-26 9:43:20 正在初始化...
2012-4-26 9:43:20 数据库读取成功！
2012-4-26 9:43:20 初始化成功!

2012-4-26 9:43:20 爬虫结束！
耗时：0分钟；共处理页面：0；共下载页面：0。

2012-4-26 9:56:37 正在初始化...
2012-4-26 9:56:37 数据库读取成功！
2012-4-26 9:56:37 初始化成功!

2012-4-26 9:56:39
http://baike.baidu.com
成功!
处理页面: 1; 下载页面: 1; 失败数: 0; 剩余URL: 198; 下载总量: 68.0KB.


2012-4-26 9:56:39
http://baike.baidu.com/shehui/
成功!
处理页面: 2; 下载页面: 2; 失败数: 0; 剩余URL: 222; 下载总量: 112.0KB.


2012-4-26 9:56:40
http://baike.baidu.com/lishi/
成功!
处理页面: 3; 下载页面: 3; 失败数: 0; 剩余URL: 346; 下载总量: 156.0KB.


2012-4-26 9:56:42
http://baike.baidu.com/view/9414.html
成功!
处理页面: 4; 下载页面: 4; 失败数: 0; 剩余URL: 373; 下载总量: 240.0KB.


2012-4-26 9:56:42
http://baike.baidu.com/view/62617.html
成功!
处理页面: 5; 下载页面: 5; 失败数: 0; 剩余URL: 403; 下载总量: 295.0KB.


2012-4-26 9:56:42
http://baike.baidu.com/kedou/memlstall
成功!
处理页面: 6; 下载页面: 6; 失败数: 0; 剩余URL: 429; 下载总量: 305.0KB.


2012-4-26 9:56:43
http://baike.baidu.com/hezuo/
成功!
处理页面: 7; 下载页面: 7; 失败数: 0; 剩余URL: 449; 下载总量: 313.0KB.


2012-4-26 9:56:44
http://baike.baidu.com/jingji/
成功!
处理页面: 8; 下载页面: 8; 失败数: 0; 剩余URL: 542; 下载总量: 350.0KB.


2012-4-26 9:56:45
http://baike.baidu.com/view/837957.html
成功!
处理页面: 9; 下载页面: 9; 失败数: 0; 剩余URL: 554; 下载总量: 382.0KB.


2012-4-26 9:56:46
http://baike.baidu.com/tiyu/
成功!
处理页面: 10; 下载页面: 10; 失败数: 0; 剩余URL: 682; 下载总量: 426.0KB.


2012-4-26 9:56:47
http://baike.baidu.com/view/19725.html
成功!
处理页面: 11; 下载页面: 11; 失败数: 0; 剩余URL: 701; 下载总量: 479.0KB.


2012-4-26 9:56:48
http://baike.baidu.com/improve/?func=improve
成功!
处理页面: 12; 下载页面: 12; 失败数: 0; 剩余URL: 901; 下载总量: 564.0KB.


2012-4-26 9:56:48
http://baike.baidu.com/view/6017.html
成功!
处理页面: 13; 下载页面: 13; 失败数: 0; 剩余URL: 918; 下载总量: 616.0KB.


2012-4-26 9:56:51
http://baike.baidu.com/view/530705.html
成功!
处理页面: 14; 下载页面: 14; 失败数: 0; 剩余URL: 965; 下载总量: 692.0KB.


2012-4-26 9:56:51
http://baike.baidu.com/view/1266342.html
成功!
处理页面: 15; 下载页面: 15; 失败数: 0; 剩余URL: 965; 下载总量: 764.0KB.


2012-4-26 9:56:53
http://baike.baidu.com/task/139
成功!
处理页面: 16; 下载页面: 16; 失败数: 0; 剩余URL: 1042; 下载总量: 791.0KB.


2012-4-26 9:56:53
http://baike.baidu.com/view/96367.html
成功!
处理页面: 17; 下载页面: 17; 失败数: 0; 剩余URL: 1042; 下载总量: 898.0KB.


2012-4-26 9:56:54
http://baike.baidu.com/view/1044425.html
成功!
处理页面: 18; 下载页面: 18; 失败数: 0; 剩余URL: 1056; 下载总量: 942.0KB.


2012-4-26 9:56:54
http://baike.baidu.com/hezuo/anli.html
成功!
处理页面: 19; 下载页面: 19; 失败数: 0; 剩余URL: 1149; 下载总量: 960.0KB.


2012-4-26 9:56:55
http://baike.baidu.com/view/516369.html
成功!
处理页面: 20; 下载页面: 20; 失败数: 0; 剩余URL: 1157; 下载总量: 988.0KB.


2012-4-26 9:56:57
http://baike.baidu.com/view/5937.html
成功!
处理页面: 21; 下载页面: 21; 失败数: 0; 剩余URL: 1203; 下载总量: 1.047MB.


2012-4-26 9:56:57
http://baike.baidu.com/view/53370.html
成功!
处理页面: 22; 下载页面: 22; 失败数: 0; 剩余URL: 1224; 下载总量: 1.112MB.


2012-4-26 9:56:58
http://baike.baidu.com/view/10766.html
成功!
处理页面: 23; 下载页面: 23; 失败数: 0; 剩余URL: 1249; 下载总量: 1.169MB.


2012-4-26 9:56:59
http://baike.baidu.com/view/28618.html
成功!
处理页面: 24; 下载页面: 24; 失败数: 0; 剩余URL: 1288; 下载总量: 1.255MB.


2012-4-26 9:57:00
http://baike.baidu.com/view/1059363.html
成功!
处理页面: 25; 下载页面: 25; 失败数: 0; 剩余URL: 1307; 下载总量: 1.309MB.


2012-4-26 9:57:01
http://baike.baidu.com/view/11235.html
成功!
处理页面: 26; 下载页面: 26; 失败数: 0; 剩余URL: 1354; 下载总量: 1.403MB.


2012-4-26 9:57:23 正在初始化...
2012-4-26 9:57:23 数据库读取成功！
2012-4-26 9:57:23 初始化成功!

2012-4-26 9:57:24
http://baike.baidu.com
成功!
处理页面: 1; 下载页面: 1; 失败数: 0; 剩余URL: 198; 下载总量: 68.0KB.


2012-4-26 9:57:25
http://baike.baidu.com/shehui/
成功!
处理页面: 2; 下载页面: 2; 失败数: 0; 剩余URL: 222; 下载总量: 112.0KB.


2012-4-26 9:57:26
http://baike.baidu.com/lishi/
成功!
处理页面: 3; 下载页面: 3; 失败数: 0; 剩余URL: 346; 下载总量: 156.0KB.


2012-4-26 9:59:08 正在初始化...
2012-4-26 9:59:09 数据库读取成功！
2012-4-26 9:59:09 初始化成功!

2012-4-26 9:59:10
http://baike.baidu.com
成功!
处理页面: 1; 下载页面: 1; 失败数: 0; 剩余URL: 198; 下载总量: 68.0KB.


2012-4-26 9:59:11
http://baike.baidu.com/wenhua/
成功!
处理页面: 2; 下载页面: 2; 失败数: 0; 剩余URL: 216; 下载总量: 111.0KB.


2012-4-26 9:59:12
http://baike.baidu.com/lishi/
成功!
处理页面: 3; 下载页面: 3; 失败数: 0; 剩余URL: 340; 下载总量: 155.0KB.


2012-4-26 9:59:13
http://baike.baidu.com/improve/?func=improve
成功!
处理页面: 4; 下载页面: 4; 失败数: 0; 剩余URL: 540; 下载总量: 240.0KB.


2012-4-26 9:59:14
http://baike.baidu.com/view/6017.html
成功!
处理页面: 5; 下载页面: 5; 失败数: 0; 剩余URL: 557; 下载总量: 292.0KB.


2012-4-26 9:59:15
http://baike.baidu.com/view/530705.html
成功!
处理页面: 6; 下载页面: 6; 失败数: 0; 剩余URL: 579; 下载总量: 368.0KB.


2012-4-26 9:59:16
http://baike.baidu.com/view/1266342.html
成功!
处理页面: 7; 下载页面: 7; 失败数: 0; 剩余URL: 604; 下载总量: 440.0KB.


2012-4-26 9:59:17
http://baike.baidu.com/task/139
成功!
处理页面: 8; 下载页面: 8; 失败数: 0; 剩余URL: 681; 下载总量: 467.0KB.


2012-4-26 9:59:17
http://baike.baidu.com/hezuo/anli.html
成功!
处理页面: 9; 下载页面: 9; 失败数: 0; 剩余URL: 774; 下载总量: 485.0KB.


2012-4-26 9:59:18
http://baike.baidu.com/view/96367.html
成功!
处理页面: 10; 下载页面: 10; 失败数: 0; 剩余URL: 774; 下载总量: 592.0KB.


2012-4-26 9:59:19
http://baike.baidu.com/view/1044425.html
成功!
处理页面: 11; 下载页面: 11; 失败数: 0; 剩余URL: 788; 下载总量: 636.0KB.


2012-4-26 9:59:19
http://baike.baidu.com/view/516369.html
成功!
处理页面: 12; 下载页面: 12; 失败数: 0; 剩余URL: 796; 下载总量: 664.0KB.


2012-4-26 9:59:21
http://baike.baidu.com/view/5937.html
成功!
处理页面: 13; 下载页面: 13; 失败数: 0; 剩余URL: 842; 下载总量: 748.0KB.


2012-4-26 9:59:22
http://baike.baidu.com/view/53370.html
成功!
处理页面: 14; 下载页面: 14; 失败数: 0; 剩余URL: 863; 下载总量: 815.0KB.


2012-4-26 9:59:22
http://baike.baidu.com/view/10766.html
成功!
处理页面: 15; 下载页面: 15; 失败数: 0; 剩余URL: 888; 下载总量: 873.0KB.


2012-4-26 9:59:23
http://baike.baidu.com/view/2183.html
成功!
处理页面: 16; 下载页面: 16; 失败数: 0; 剩余URL: 919; 下载总量: 941.0KB.


2012-4-26 9:59:24
http://baike.baidu.com/hotlist/0
成功!
处理页面: 17; 下载页面: 17; 失败数: 0; 剩余URL: 985; 下载总量: 951.0KB.


2012-4-26 9:59:24
http://baike.baidu.com/view/11235.html
成功!
处理页面: 18; 下载页面: 18; 失败数: 0; 剩余URL: 985; 下载总量: 1.023MB.


2012-4-26 10:00:38 正在初始化...
2012-4-26 10:00:39 数据库读取成功！
2012-4-26 10:00:39 初始化成功!

2012-4-26 10:00:40
http://baike.baidu.com
成功!
处理页面: 1; 下载页面: 1; 失败数: 0; 剩余URL: 198; 下载总量: 68.0KB.


2012-4-26 10:00:41
http://baike.baidu.com/wenhua/
成功!
处理页面: 2; 下载页面: 2; 失败数: 0; 剩余URL: 216; 下载总量: 111.0KB.


2012-4-26 10:00:41
http://baike.baidu.com/tupian/
成功!
处理页面: 3; 下载页面: 3; 失败数: 0; 剩余URL: 263; 下载总量: 133.0KB.


2012-4-26 10:00:42
http://baike.baidu.com/taglist?tag=%C9%F1%BB%B0
成功!
处理页面: 4; 下载页面: 4; 失败数: 0; 剩余URL: 323; 下载总量: 152.0KB.


2012-4-26 10:00:43
http://baike.baidu.com/taglist?tag=%B6%AF%C2%FE%C8%CB%CE%EF
成功!
处理页面: 5; 下载页面: 5; 失败数: 0; 剩余URL: 383; 下载总量: 171.0KB.


2012-4-26 10:00:44
http://baike.baidu.com/taglist?tag=%D4%CB%B6%AF%D4%B1
成功!
处理页面: 6; 下载页面: 6; 失败数: 0; 剩余URL: 443; 下载总量: 190.0KB.


2012-4-26 10:00:45
http://baike.baidu.com/view/1563251.html
成功!
处理页面: 7; 下载页面: 7; 失败数: 0; 剩余URL: 453; 下载总量: 226.0KB.


2012-4-26 10:00:46
http://baike.baidu.com/taglist?tag=%D3%B0%D0%C7
成功!
处理页面: 8; 下载页面: 8; 失败数: 0; 剩余URL: 474; 下载总量: 240.0KB.


2012-4-26 10:00:52 正在初始化...
2012-4-26 10:00:53 数据库读取成功！
2012-4-26 10:00:53 初始化成功!

2012-4-26 10:00:54
http://baike.baidu.com
成功!
处理页面: 1; 下载页面: 1; 失败数: 0; 剩余URL: 198; 下载总量: 68.0KB.


2012-4-26 10:00:54
http://baike.baidu.com/wenhua/
成功!
处理页面: 2; 下载页面: 2; 失败数: 0; 剩余URL: 216; 下载总量: 111.0KB.


2012-4-26 10:00:55
http://baike.baidu.com/renwu/
成功!
处理页面: 3; 下载页面: 3; 失败数: 0; 剩余URL: 330; 下载总量: 154.0KB.


2012-4-26 10:00:56
http://baike.baidu.com/view/3637826.html
成功!
处理页面: 4; 下载页面: 4; 失败数: 0; 剩余URL: 336; 下载总量: 176.0KB.


2012-4-26 10:00:57
http://baike.baidu.com/view/3638046.html
成功!
处理页面: 5; 下载页面: 5; 失败数: 0; 剩余URL: 340; 下载总量: 198.0KB.


2012-4-26 10:02:16 正在初始化...
2012-4-26 10:02:17 数据库读取成功！
2012-4-26 10:02:17 初始化成功!

2012-4-26 10:02:18
http://baike.baidu.com
成功!
处理页面: 1; 下载页面: 1; 失败数: 0; 剩余URL: 198; 下载总量: 68.0KB.


2012-4-26 10:02:19
http://baike.baidu.com/dili/
成功!
处理页面: 2; 下载页面: 2; 失败数: 0; 剩余URL: 224; 下载总量: 112.0KB.


2012-4-26 10:02:20
http://baike.baidu.com/wenhua/
成功!
处理页面: 3; 下载页面: 3; 失败数: 0; 剩余URL: 342; 下载总量: 155.0KB.


2012-4-26 10:02:21
http://baike.baidu.com/view/275964.html
成功!
处理页面: 4; 下载页面: 4; 失败数: 0; 剩余URL: 347; 下载总量: 191.0KB.


2012-4-26 10:02:21
http://baike.baidu.com/view/275977.html
成功!
处理页面: 5; 下载页面: 5; 失败数: 0; 剩余URL: 352; 下载总量: 215.0KB.


2012-4-26 10:02:22
http://baike.baidu.com/view/275988.html
成功!
处理页面: 6; 下载页面: 6; 失败数: 0; 剩余URL: 392; 下载总量: 274.0KB.


2012-4-26 10:02:32 正在初始化...
2012-4-26 10:02:33 数据库读取成功！
2012-4-26 10:02:33 初始化成功!

2012-4-26 10:02:34
http://baike.baidu.com
成功!
处理页面: 1; 下载页面: 1; 失败数: 0; 剩余URL: 198; 下载总量: 68.0KB.


2012-4-26 10:02:34
http://baike.baidu.com/hezuo/anli.html
成功!
处理页面: 2; 下载页面: 2; 失败数: 0; 剩余URL: 191; 下载总量: 86.0KB.


2012-4-26 10:02:35
http://baike.baidu.com/view/1044425.html
成功!
处理页面: 3; 下载页面: 3; 失败数: 0; 剩余URL: 205; 下载总量: 130.0KB.


2012-4-26 10:02:36
http://baike.baidu.com/view/2137992.html
成功!
处理页面: 4; 下载页面: 4; 失败数: 0; 剩余URL: 220; 下载总量: 174.0KB.


2012-4-26 10:02:37
http://baike.baidu.com/tocreate/
成功!
处理页面: 5; 下载页面: 5; 失败数: 0; 剩余URL: 220; 下载总量: 215.0KB.


2012-4-26 10:02:38
http://baike.baidu.com/view/1818044.html
成功!
处理页面: 6; 下载页面: 6; 失败数: 0; 剩余URL: 232; 下载总量: 247.0KB.


2012-4-26 10:02:39
http://baike.baidu.com/view/993920.html
成功!
处理页面: 7; 下载页面: 7; 失败数: 0; 剩余URL: 240; 下载总量: 274.0KB.


2012-4-26 10:02:39
http://baike.baidu.com/view/994007.html
成功!
处理页面: 8; 下载页面: 8; 失败数: 0; 剩余URL: 248; 下载总量: 296.0KB.


2012-4-26 10:07:05 正在初始化...
2012-4-26 10:07:05 数据库读取成功！
2012-4-26 10:07:05 初始化成功!

2012-4-26 10:07:07
http://baike.baidu.com
成功!
处理页面: 1; 下载页面: 1; 失败数: 0; 剩余URL: 198; 下载总量: 68.0KB.


2012-4-26 10:07:07
http://baike.baidu.com/dili/
成功!
处理页面: 2; 下载页面: 2; 失败数: 0; 剩余URL: 224; 下载总量: 112.0KB.


2012-4-26 10:07:08
http://baike.baidu.com/ziran/
成功!
处理页面: 3; 下载页面: 3; 失败数: 0; 剩余URL: 353; 下载总量: 157.0KB.


2012-4-26 10:07:09
http://baike.baidu.com/view/2137992.html
成功!
处理页面: 4; 下载页面: 4; 失败数: 0; 剩余URL: 368; 下载总量: 201.0KB.


2012-4-26 10:07:10
http://baike.baidu.com/view/100798.html
成功!
处理页面: 5; 下载页面: 5; 失败数: 0; 剩余URL: 381; 下载总量: 246.0KB.


2012-4-26 10:07:47 正在初始化...
2012-4-26 10:07:47 数据库读取成功！
2012-4-26 10:07:47 初始化成功!

2012-4-26 10:07:48
http://www.hudong.com
成功!
处理页面: 1; 下载页面: 1; 失败数: 0; 剩余URL: 304; 下载总量: 73.0KB.


2012-4-26 10:07:48
http://group.hudong.com/?prd=shouye_daohangtiao
成功!
处理页面: 2; 下载页面: 2; 失败数: 0; 剩余URL: 342; 下载总量: 112.0KB.


2012-4-26 10:07:49
http://www.hudong.com/wiki/%E5%88%87%E5%B0%94%E8%AF%BA%E8%B4%9D%E5%88%A9%E6%A0%B8%E4%BA%8B%E6%95%85
成功!
处理页面: 3; 下载页面: 3; 失败数: 0; 剩余URL: 446; 下载总量: 168.0KB.


2012-4-26 10:07:50
http://www.hudong.com/wiki/%E7%81%AB%E6%B5%81%E6%98%9F
成功!
处理页面: 4; 下载页面: 4; 失败数: 0; 剩余URL: 493; 下载总量: 199.0KB.


2012-4-26 10:07:52
http://www.hudong.com/wiki/%E5%8D%97%E6%B2%99%E7%BE%A4%E5%B2%9B
成功!
处理页面: 5; 下载页面: 5; 失败数: 0; 剩余URL: 1027; 下载总量: 318.0KB.


2012-4-26 10:07:52
http://www.hudong.com/wiki/%E5%9B%BD%E6%B0%91%E6%94%B6%E5%85%A5%E5%88%86%E9%85%8D
成功!
处理页面: 6; 下载页面: 6; 失败数: 0; 剩余URL: 1027; 下载总量: 354.0KB.


2012-4-26 10:07:53
http://www.hudong.com/wiki/%E5%8D%97%E6%96%B9%E7%A7%91%E6%8A%80%E5%A4%A7%E5%AD%A6
成功!
处理页面: 7; 下载页面: 7; 失败数: 0; 剩余URL: 1081; 下载总量: 398.0KB.


2012-4-26 10:07:53
http://group.hudong.com/hddl/bbs/NfEACAwQFW0QIDgN7.html
成功!
处理页面: 8; 下载页面: 8; 失败数: 0; 剩余URL: 1091; 下载总量: 424.0KB.


2012-4-26 10:07:54
http://www.hudong.com/wiki/%E6%9C%9D%E9%B2%9C%E8%87%AA%E7%94%B1%E5%91%A8
成功!
处理页面: 9; 下载页面: 9; 失败数: 0; 剩余URL: 1116; 下载总量: 444.0KB.


2012-4-26 10:07:55
http://www.hudong.com/wiki/%E4%BF%9D%E5%AF%86%E7%84%A6%E8%99%91%E7%97%87
成功!
处理页面: 10; 下载页面: 10; 失败数: 0; 剩余URL: 1167; 下载总量: 473.0KB.


2012-4-26 10:07:56
http://www.hudong.com/wiki/%E6%9D%8E%E5%AD%A6%E6%98%8E%5B%E5%8E%9F%E5%85%89%E5%A4%A7%E5%9B%BD%E9%99%85%E5%89%AF%E4%B8%BB%E5%B8%AD%5D
成功!
处理页面: 11; 下载页面: 11; 失败数: 0; 剩余URL: 1196; 下载总量: 497.0KB.


2012-4-26 10:07:56
http://www.hudong.com/shouye/more/focus.html
成功!
处理页面: 12; 下载页面: 12; 失败数: 0; 剩余URL: 1263; 下载总量: 516.0KB.


2012-4-26 10:07:57
http://www.hudong.com/wiki/%E8%96%84%E7%86%99%E6%B0%B8
成功!
处理页面: 13; 下载页面: 13; 失败数: 0; 剩余URL: 1296; 下载总量: 544.0KB.


2012-4-26 10:07:59
http://www.hudong.com/wiki/%E7%94%9F%E8%82%B2%E6%9B%B4%E6%9B%BF%E6%B0%B4%E5%B9%B3
成功!
处理页面: 14; 下载页面: 14; 失败数: 0; 剩余URL: 1322; 下载总量: 568.0KB.


2012-4-26 10:08:00
http://www.hudong.com/wiki/%E4%BC%AA%E6%B2%9F%E9%80%9A
成功!
处理页面: 15; 下载页面: 15; 失败数: 0; 剩余URL: 1594; 下载总量: 596.0KB.


2012-4-26 10:08:00
http://www.hudong.com/wiki/%E4%B8%96%E7%95%8C%E7%9F%A5%E8%AF%86%E4%BA%A7%E6%9D%83%E6%97%A5
成功!
处理页面: 16; 下载页面: 16; 失败数: 0; 剩余URL: 1594; 下载总量: 656.0KB.


2012-4-26 10:08:01
http://www.hudong.com/wiki/%E8%81%94%E5%90%88%E5%9B%BD%E8%A5%BF%E6%92%92%E5%93%88%E6%8B%89%E5%85%A8%E6%B0%91%E6%8A%95%E7%A5%A8%E7%89%B9%E6%B4%BE%E5%9B%A2
成功!
处理页面: 17; 下载页面: 17; 失败数: 0; 剩余URL: 1620; 下载总量: 683.0KB.


2012-4-26 10:08:01
http://www.hudong.com/wiki/%E5%9C%A3%E7%81%B5%E6%8A%B5%E6%8A%97%E5%86%9B
成功!
处理页面: 18; 下载页面: 18; 失败数: 0; 剩余URL: 1668; 下载总量: 714.0KB.


2012-4-26 10:08:02
http://www.hudong.com/wiki/%E8%83%B8%E7%BD%A9%E7%BB%BC%E5%90%88%E5%BE%81
成功!
处理页面: 19; 下载页面: 19; 失败数: 0; 剩余URL: 1697; 下载总量: 737.0KB.


2012-4-26 10:08:03
http://www.hudong.com/wiki/%E9%81%BF%E9%A3%8E%E6%B8%AF%E5%8E%9F%E5%88%99
成功!
处理页面: 20; 下载页面: 20; 失败数: 0; 剩余URL: 1731; 下载总量: 769.0KB.


2012-4-26 10:08:04
http://www.hudong.com/wiki/%E5%8C%97%E4%BA%AC%E5%9C%B0%E4%B8%8B%E5%9F%8E
成功!
处理页面: 21; 下载页面: 21; 失败数: 0; 剩余URL: 1770; 下载总量: 798.0KB.


2012-4-26 10:08:05
http://www.hudong.com/wiki/%E7%B1%B3%E5%8B%92%E8%B4%B9%E9%9B%AA%E7%97%87%E5%80%99%E7%BE%A4
成功!
处理页面: 22; 下载页面: 22; 失败数: 0; 剩余URL: 1791; 下载总量: 821.0KB.


2012-4-26 10:08:06
http://www.hudong.com/wiki/%E7%87%95%E5%9F%8E%E7%9B%91%E7%8B%B1
成功!
处理页面: 23; 下载页面: 23; 失败数: 0; 剩余URL: 1810; 下载总量: 844.0KB.


2012-4-26 10:08:06
http://www.hudong.com/wiki/%E9%87%91%E6%AD%A3%E6%B7%91
成功!
处理页面: 24; 下载页面: 24; 失败数: 0; 剩余URL: 1869; 下载总量: 876.0KB.


2012-4-26 10:08:07
http://www.hudong.com/wiki/%E7%BA%B3%E7%B1%B3%E5%96%B7%E9%9B%BE
成功!
处理页面: 25; 下载页面: 25; 失败数: 0; 剩余URL: 1890; 下载总量: 896.0KB.


2012-4-26 10:08:08
http://www.hudong.com/wiki/%E7%93%A6%E8%8E%B1%E9%87%8C%E5%A8%85%C2%B7%E5%8D%A2%E5%9F%BA%E4%BA%9A%E8%AF%BA%E5%A8%83
成功!
处理页面: 26; 下载页面: 26; 失败数: 0; 剩余URL: 1936; 下载总量: 933.0KB.


2012-4-26 10:08:09
http://w.hudong.com/7e2e658f58b64b238ca0ce5606da8a1e.html
成功!
处理页面: 27; 下载页面: 27; 失败数: 0; 剩余URL: 1961; 下载总量: 953.0KB.


2012-4-26 10:08:09
http://www.hudong.com/wiki/%E8%B0%A2%E4%BA%9A%E6%A2%85
成功!
处理页面: 28; 下载页面: 28; 失败数: 0; 剩余URL: 1999; 下载总量: 982.0KB.


2012-4-26 10:08:21 正在初始化...
2012-4-26 10:08:21 数据库读取成功！
2012-4-26 10:08:21 初始化成功!

2012-4-26 10:08:22
http://www.hudong.com
成功!
处理页面: 1; 下载页面: 1; 失败数: 0; 剩余URL: 304; 下载总量: 73.0KB.


2012-4-26 10:08:22
http://group.hudong.com/?prd=shouye_daohangtiao
成功!
处理页面: 2; 下载页面: 2; 失败数: 0; 剩余URL: 342; 下载总量: 112.0KB.


2012-4-26 10:08:23
http://www.hudong.com/wiki/%E7%BA%B3%E7%B1%B3%E5%96%B7%E9%9B%BE
成功!
处理页面: 3; 下载页面: 3; 失败数: 0; 剩余URL: 363; 下载总量: 132.0KB.


2012-4-26 10:08:24
http://www.hudong.com/wiki/BMW%E6%97%8F
成功!
处理页面: 4; 下载页面: 4; 失败数: 0; 剩余URL: 402; 下载总量: 162.0KB.


2012-4-26 10:08:25
http://www.hudong.com/wiki/%E8%83%B8%E7%BD%A9%E7%BB%BC%E5%90%88%E5%BE%81
成功!
处理页面: 5; 下载页面: 5; 失败数: 0; 剩余URL: 431; 下载总量: 185.0KB.


2012-4-26 10:08:25
http://www.hudong.com/wiki/%E4%B8%8E%E5%A6%BB%E4%B9%A6%E4%BD%93
成功!
处理页面: 6; 下载页面: 6; 失败数: 0; 剩余URL: 488; 下载总量: 219.0KB.


2012-4-26 10:08:26
http://www.hudong.com/wiki/%E7%93%A6%E8%8E%B1%E9%87%8C%E5%A8%85%C2%B7%E5%8D%A2%E5%9F%BA%E4%BA%9A%E8%AF%BA%E5%A8%83
成功!
处理页面: 7; 下载页面: 7; 失败数: 0; 剩余URL: 534; 下载总量: 256.0KB.


2012-4-26 10:08:27
http://w.hudong.com/7e2e658f58b64b238ca0ce5606da8a1e.html
成功!
处理页面: 8; 下载页面: 8; 失败数: 0; 剩余URL: 559; 下载总量: 276.0KB.


2012-4-26 10:08:28
http://www.hudong.com/wiki/%E7%87%95%E5%9F%8E%E7%9B%91%E7%8B%B1
成功!
处理页面: 9; 下载页面: 9; 失败数: 0; 剩余URL: 578; 下载总量: 299.0KB.


2012-4-26 10:08:29
http://www.hudong.com/wiki/%E9%87%91%E6%AD%A3%E6%B7%91
成功!
处理页面: 10; 下载页面: 10; 失败数: 0; 剩余URL: 637; 下载总量: 331.0KB.


2012-4-26 10:08:29
http://www.hudong.com/wiki/%E9%81%A5%E6%8E%A7%E5%8A%A8%E5%8A%9B%E9%9E%8B
成功!
处理页面: 11; 下载页面: 11; 失败数: 0; 剩余URL: 657; 下载总量: 352.0KB.


2012-4-26 10:08:30
http://group.hudong.com/chemistry/bbs/xRQBRCUcEW1hFblJB.html
成功!
处理页面: 12; 下载页面: 12; 失败数: 0; 剩余URL: 673; 下载总量: 367.0KB.


2012-4-26 10:08:31
http://www.hudong.com/wiki/%E8%8B%AF%E7%94%B2%E9%85%B8%E9%92%A0
成功!
处理页面: 13; 下载页面: 13; 失败数: 0; 剩余URL: 1048; 下载总量: 447.0KB.


2012-4-26 10:08:32
http://www.hudong.com/wiki/%E4%BA%A7%E5%89%8D%E5%9F%BA%E5%9B%A0%E7%96%97%E6%B3%95
成功!
处理页面: 14; 下载页面: 14; 失败数: 0; 剩余URL: 1078; 下载总量: 469.0KB.


2012-4-26 10:08:33
http://www.hudong.com/wiki/%E5%B0%8F%E5%84%BF%E9%BA%BB%E7%97%B9%E7%97%87
成功!
处理页面: 15; 下载页面: 15; 失败数: 0; 剩余URL: 1171; 下载总量: 514.0KB.


2012-4-26 10:08:33
http://www.hudong.com/giftshop/index.html
成功!
处理页面: 16; 下载页面: 16; 失败数: 0; 剩余URL: 1251; 下载总量: 556.0KB.


2012-6-7 14:37:48 正在初始化...
2012-6-7 14:37:48 数据库读取成功！
2012-6-7 14:37:48 初始化成功!

2012-6-7 14:37:49
http://baike.baidu.com
成功!
处理页面: 1; 下载页面: 1; 失败数: 0; 剩余URL: 181; 下载总量: 68.0KB.


2012-6-7 14:37:50
http://baike.baidu.com/view/771973.html
成功!
处理页面: 2; 下载页面: 2; 失败数: 0; 剩余URL: 71; 下载总量: 116.0KB.


2012-6-7 14:37:51
http://baike.baidu.com/view/870021.html
成功!
处理页面: 3; 下载页面: 3; 失败数: 0; 剩余URL: 85; 下载总量: 160.0KB.


2012-6-7 14:37:51
http://baike.baidu.com/improve/
成功!
处理页面: 4; 下载页面: 4; 失败数: 0; 剩余URL: 285; 下载总量: 244.0KB.


2012-6-7 14:37:52
http://baike.baidu.com/view/514274.html
成功!
处理页面: 5; 下载页面: 5; 失败数: 0; 剩余URL: 288; 下载总量: 269.0KB.


2012-6-7 14:37:53
http://baike.baidu.com/view/514330.html
成功!
处理页面: 6; 下载页面: 6; 失败数: 0; 剩余URL: 292; 下载总量: 308.0KB.


2012-6-7 14:37:53
http://baike.baidu.com/view/514283.html
成功!
处理页面: 7; 下载页面: 7; 失败数: 0; 剩余URL: 295; 下载总量: 331.0KB.


2012-6-7 14:37:54
http://baike.baidu.com/view/514282.html
成功!
处理页面: 8; 下载页面: 8; 失败数: 0; 剩余URL: 298; 下载总量: 355.0KB.


2012-6-7 14:37:55
http://baike.baidu.com/view/514284.html
成功!
处理页面: 9; 下载页面: 9; 失败数: 0; 剩余URL: 301; 下载总量: 377.0KB.


2012-6-7 14:37:56
http://baike.baidu.com/view/514286.html
成功!
处理页面: 10; 下载页面: 10; 失败数: 0; 剩余URL: 304; 下载总量: 403.0KB.


2012-6-7 14:37:57
http://baike.baidu.com/taglist?tag=%D3%B0%D0%C7
成功!
处理页面: 11; 下载页面: 11; 失败数: 0; 剩余URL: 574; 下载总量: 417.0KB.


2012-6-7 14:37:58
http://baike.baidu.com/view/1718.html
成功!
处理页面: 12; 下载页面: 12; 失败数: 0; 剩余URL: 574; 下载总量: 521.0KB.


2012-6-7 14:37:58
http://baike.baidu.com/view/514349.html
成功!
处理页面: 13; 下载页面: 13; 失败数: 0; 剩余URL: 577; 下载总量: 544.0KB.


2012-6-7 14:37:59
http://baike.baidu.com/class/1408.html
成功!
处理页面: 14; 下载页面: 14; 失败数: 0; 剩余URL: 686; 下载总量: 563.0KB.


2012-6-7 14:38:00
http://baike.baidu.com/class/17.html
成功!
处理页面: 15; 下载页面: 15; 失败数: 0; 剩余URL: 798; 下载总量: 582.0KB.


2012-6-7 14:38:01
http://baike.baidu.com/view/514379.html
成功!
处理页面: 16; 下载页面: 16; 失败数: 0; 剩余URL: 802; 下载总量: 604.0KB.


2012-6-7 14:38:01
http://baike.baidu.com/taglist?tag=%B8%E8%D0%C7
成功!
处理页面: 17; 下载页面: 17; 失败数: 0; 剩余URL: 819; 下载总量: 618.0KB.


2012-6-7 14:38:02
http://baike.baidu.com/taglist?tag=%D4%CB%B6%AF%D4%B1
成功!
处理页面: 18; 下载页面: 18; 失败数: 0; 剩余URL: 879; 下载总量: 637.0KB.


2012-6-7 14:38:03
http://baike.baidu.com/taglist?tag=%B6%AF%C2%FE%C8%CB%CE%EF
成功!
处理页面: 19; 下载页面: 19; 失败数: 0; 剩余URL: 939; 下载总量: 656.0KB.


2012-6-7 14:38:04
http://baike.baidu.com/taglist?tag=%C9%F1%BB%B0
成功!
处理页面: 20; 下载页面: 20; 失败数: 0; 剩余URL: 999; 下载总量: 675.0KB.


2012-6-7 14:38:05
http://baike.baidu.com/taglist?tag=%B3%C9%D3%EF
成功!
处理页面: 21; 下载页面: 21; 失败数: 0; 剩余URL: 1059; 下载总量: 694.0KB.


2012-6-7 14:38:06
http://baike.baidu.com/taglist?tag=%BF%BC%B9%C5
成功!
处理页面: 22; 下载页面: 22; 失败数: 0; 剩余URL: 1117; 下载总量: 713.0KB.


2012-6-7 14:38:06
http://baike.baidu.com/taglist?tag=%CA%AB%B4%CA
成功!
处理页面: 23; 下载页面: 23; 失败数: 0; 剩余URL: 1177; 下载总量: 732.0KB.


2012-6-7 14:38:07
http://baike.baidu.com/taglist?tag=%CD%F8%C2%E7%D3%C3%D3%EF
成功!
处理页面: 24; 下载页面: 24; 失败数: 0; 剩余URL: 1201; 下载总量: 747.0KB.


2012-6-7 14:38:08
http://baike.baidu.com/class/671.html
成功!
处理页面: 25; 下载页面: 25; 失败数: 0; 剩余URL: 1273; 下载总量: 761.0KB.


2012-6-7 14:38:08
http://baike.baidu.com/museum/
成功!
处理页面: 26; 下载页面: 26; 失败数: 0; 剩余URL: 1276; 下载总量: 764.0KB.


2012-6-7 14:44:45 正在初始化...
2012-6-7 14:44:45 数据库读取成功！
2012-6-7 14:44:45 初始化成功!

2012-6-7 14:44:46
http://baike.baidu.com
成功!
处理页面: 1; 下载页面: 1; 失败数: 0; 剩余URL: 181; 下载总量: 68.0KB.


2012-6-7 14:44:47
http://baike.baidu.com/museum/
成功!
处理页面: 2; 下载页面: 2; 失败数: 0; 剩余URL: 64; 下载总量: 71.0KB.


2012-6-7 14:44:47
http://baike.baidu.com/view/2646986.html
成功!
处理页面: 3; 下载页面: 3; 失败数: 0; 剩余URL: 73; 下载总量: 102.0KB.


2012-6-7 14:44:47
http://baike.baidu.com/tocreate/
成功!
处理页面: 4; 下载页面: 4; 失败数: 0; 剩余URL: 73; 下载总量: 116.0KB.


2012-6-7 14:44:48
http://baike.baidu.com/taglist?tag=%B6%AF%C2%FE%C8%CB%CE%EF
成功!
处理页面: 5; 下载页面: 6; 失败数: 0; 剩余URL: 136; 下载总量: 156.0KB.


2012-6-7 14:44:48
http://baike.baidu.com/view/1206259.html
成功!
处理页面: 6; 下载页面: 6; 失败数: 0; 剩余URL: 136; 下载总量: 156.0KB.


2012-6-7 14:44:48
http://baike.baidu.com/view/100596.html
成功!
处理页面: 7; 下载页面: 7; 失败数: 0; 剩余URL: 136; 下载总量: 235.0KB.


2012-6-7 14:44:48
http://baike.baidu.com/taglist?tag=%D4%CB%B6%AF%D4%B1
成功!
处理页面: 8; 下载页面: 9; 失败数: 0; 剩余URL: 256; 下载总量: 273.0KB.


2012-6-7 14:44:48
http://baike.baidu.com/taglist?tag=%C9%F1%BB%B0
成功!
处理页面: 9; 下载页面: 9; 失败数: 0; 剩余URL: 274; 下载总量: 273.0KB.


2012-6-7 14:44:48
http://baike.baidu.com/view/66291.html
成功!
处理页面: 10; 下载页面: 12; 失败数: 0; 剩余URL: 399; 下载总量: 361.0KB.


2012-6-7 14:44:48
http://baike.baidu.com/taglist?tag=%B3%C9%D3%EF
成功!
处理页面: 11; 下载页面: 13; 失败数: 0; 剩余URL: 471; 下载总量: 375.0KB.


2012-6-7 14:44:49
http://baike.baidu.com/taglist?tag=%BF%BC%B9%C5
成功!
处理页面: 12; 下载页面: 14; 失败数: 0; 剩余URL: 559; 下载总量: 396.0KB.


2012-6-7 14:44:49
http://baike.baidu.com/view/1116.html
成功!
处理页面: 13; 下载页面: 15; 失败数: 0; 剩余URL: 559; 下载总量: 490.0KB.


2012-6-7 14:44:49
http://baike.baidu.com/view/996219.html
成功!
处理页面: 14; 下载页面: 15; 失败数: 0; 剩余URL: 586; 下载总量: 490.0KB.


2012-6-7 14:44:49
http://baike.baidu.com/class/671.html
成功!
处理页面: 15; 下载页面: 16; 失败数: 0; 剩余URL: 643; 下载总量: 504.0KB.


2012-6-7 14:44:49
http://baike.baidu.com/taglist?tag=%D3%B0%D0%C7
成功!
处理页面: 16; 下载页面: 16; 失败数: 0; 剩余URL: 646; 下载总量: 504.0KB.


2012-6-7 14:44:50
http://baike.baidu.com/view/920168.html
成功!
处理页面: 17; 下载页面: 19; 失败数: 0; 剩余URL: 757; 下载总量: 604.0KB.


2012-6-7 14:44:51
http://baike.baidu.com/view/995942.html
成功!
处理页面: 18; 下载页面: 19; 失败数: 0; 剩余URL: 757; 下载总量: 604.0KB.


2012-6-7 14:44:51
http://baike.baidu.com/view/995911.html
成功!
处理页面: 19; 下载页面: 19; 失败数: 0; 剩余URL: 802; 下载总量: 604.0KB.


2012-6-7 14:44:52
http://baike.baidu.com/view/996040.html
成功!
处理页面: 20; 下载页面: 24; 失败数: 0; 剩余URL: 876; 下载总量: 816.0KB.


2012-6-7 14:44:52
http://baike.baidu.com/view/932377.html
成功!
处理页面: 21; 下载页面: 25; 失败数: 0; 剩余URL: 876; 下载总量: 906.0KB.


2012-6-7 14:44:52
http://baike.baidu.com/view/995994.html
成功!
处理页面: 22; 下载页面: 26; 失败数: 0; 剩余URL: 882; 下载总量: 1003.0KB.


2012-6-7 14:44:53
http://baike.baidu.com/view/72444.html
成功!
处理页面: 23; 下载页面: 28; 失败数: 0; 剩余URL: 917; 下载总量: 1.104MB.


2012-6-7 14:44:54
http://baike.baidu.com/view/1142326.html
成功!
处理页面: 24; 下载页面: 34; 失败数: 0; 剩余URL: 1077; 下载总量: 1.398MB.


2012-6-7 14:44:54
http://baike.baidu.com/view/20017.html
成功!
处理页面: 25; 下载页面: 37; 失败数: 0; 剩余URL: 1087; 下载总量: 1.590MB.


2012-6-7 14:44:55
http://baike.baidu.com/hezuo/anli.html
成功!
处理页面: 26; 下载页面: 37; 失败数: 0; 剩余URL: 1087; 下载总量: 1.590MB.


2012-6-7 14:44:55
http://baike.baidu.com/view/996142.html
成功!
处理页面: 27; 下载页面: 37; 失败数: 0; 剩余URL: 1087; 下载总量: 1.590MB.


2012-6-7 14:44:55
http://baike.baidu.com/view/15125.html
成功!
处理页面: 28; 下载页面: 39; 失败数: 0; 剩余URL: 1203; 下载总量: 1.649MB.


2012-6-7 14:44:56
http://baike.baidu.com/museum/index.html
成功!
处理页面: 29; 下载页面: 44; 失败数: 0; 剩余URL: 1232; 下载总量: 2.076MB.


2012-6-7 14:44:56
http://baike.baidu.com/view/7555714.html
成功!
处理页面: 30; 下载页面: 45; 失败数: 0; 剩余URL: 1365; 下载总量: 2.152MB.


2012-6-7 14:44:57
http://baike.baidu.com/view/10100.html
成功!
处理页面: 31; 下载页面: 49; 失败数: 0; 剩余URL: 1377; 下载总量: 2.363MB.


2012-6-7 14:44:57
http://baike.baidu.com/view/27753.html
成功!
处理页面: 32; 下载页面: 50; 失败数: 0; 剩余URL: 1457; 下载总量: 2.406MB.


2012-6-7 14:44:57
http://baike.baidu.com/view/22249.html
成功!
处理页面: 33; 下载页面: 52; 失败数: 0; 剩余URL: 1612; 下载总量: 2.490MB.


2012-6-7 14:44:57
http://baike.baidu.com/view/22012.html
成功!
处理页面: 34; 下载页面: 54; 失败数: 0; 剩余URL: 1696; 下载总量: 2.564MB.


2012-6-7 14:44:57
http://baike.baidu.com/view/5201.html
成功!
处理页面: 35; 下载页面: 54; 失败数: 0; 剩余URL: 1705; 下载总量: 2.564MB.


2012-6-7 14:44:58
http://baike.baidu.com/tupian/
成功!
处理页面: 36; 下载页面: 57; 失败数: 0; 剩余URL: 1732; 下载总量: 2.672MB.


2012-6-7 14:44:58
http://baike.baidu.com/view/326.html
成功!
处理页面: 37; 下载页面: 58; 失败数: 0; 剩余URL: 1732; 下载总量: 2.726MB.


2012-6-7 14:44:58
http://baike.baidu.com/view/8710266.html
成功!
处理页面: 38; 下载页面: 61; 失败数: 0; 剩余URL: 1870; 下载总量: 2.817MB.


2012-6-7 14:44:58
http://baike.baidu.com/ziran/
成功!
处理页面: 39; 下载页面: 62; 失败数: 0; 剩余URL: 1892; 下载总量: 2.908MB.


2012-6-7 14:44:58
http://baike.baidu.com/renwu/
成功!
处理页面: 40; 下载页面: 62; 失败数: 0; 剩余URL: 1892; 下载总量: 2.908MB.


2012-6-7 14:44:58
http://baike.baidu.com/wenhua/
成功!
处理页面: 41; 下载页面: 63; 失败数: 0; 剩余URL: 1957; 下载总量: 2.990MB.


2012-6-7 14:44:59
http://baike.baidu.com/lishi/
成功!
处理页面: 42; 下载页面: 64; 失败数: 0; 剩余URL: 2023; 下载总量: 3.026MB.


2012-6-7 14:44:59
http://baike.baidu.com/view/3675132.html
成功!
处理页面: 43; 下载页面: 67; 失败数: 0; 剩余URL: 2103; 下载总量: 3.210MB.


2012-6-7 14:45:00
http://baike.baidu.com/view/1817252.html
成功!
处理页面: 44; 下载页面: 67; 失败数: 0; 剩余URL: 2103; 下载总量: 3.210MB.


2012-6-7 14:45:00
http://baike.baidu.com/view/416502.html
成功!
处理页面: 45; 下载页面: 67; 失败数: 0; 剩余URL: 2147; 下载总量: 3.210MB.


2012-6-7 14:45:00
http://baike.baidu.com/view/105004.html
成功!
处理页面: 46; 下载页面: 69; 失败数: 0; 剩余URL: 2147; 下载总量: 3.358MB.


2012-6-7 14:45:01
http://baike.baidu.com/view/122100.html
成功!
处理页面: 47; 下载页面: 69; 失败数: 0; 剩余URL: 2147; 下载总量: 3.358MB.


2012-6-7 14:45:01
http://baike.baidu.com/view/1311645.html
成功!
处理页面: 48; 下载页面: 69; 失败数: 0; 剩余URL: 2147; 下载总量: 3.358MB.


2012-6-7 14:45:01
http://baike.baidu.com/view/1345119.html
成功!
处理页面: 49; 下载页面: 70; 失败数: 0; 剩余URL: 2230; 下载总量: 3.401MB.


2012-6-7 14:45:01
http://baike.baidu.com/view/17593.html
成功!
处理页面: 50; 下载页面: 72; 失败数: 0; 剩余URL: 2380; 下载总量: 3.464MB.


2012-6-7 14:52:08 正在初始化...
2012-6-7 14:52:08 数据库读取成功！
2012-6-7 14:52:08 初始化成功!

2012-6-7 14:52:09
http://baike.baidu.com
成功!
处理页面: 1; 下载页面: 1; 失败数: 0; 剩余URL: 180; 下载总量: 68.0KB.


2012-6-7 14:52:10
http://baike.baidu.com/lishi/
成功!
处理页面: 2; 下载页面: 2; 失败数: 0; 剩余URL: 141; 下载总量: 112.0KB.


2012-6-7 14:52:11
http://baike.baidu.com/view/151384.html
成功!
处理页面: 3; 下载页面: 3; 失败数: 0; 剩余URL: 155; 下载总量: 168.0KB.


2012-6-7 14:52:11
http://baike.baidu.com/view/417601.html
成功!
处理页面: 4; 下载页面: 4; 失败数: 0; 剩余URL: 163; 下载总量: 219.0KB.


2012-6-7 14:52:12
http://baike.baidu.com/class/1408.html
成功!
处理页面: 5; 下载页面: 5; 失败数: 0; 剩余URL: 308; 下载总量: 238.0KB.


2012-6-7 14:52:12
http://baike.baidu.com/view/5201.html
成功!
处理页面: 6; 下载页面: 6; 失败数: 0; 剩余URL: 308; 下载总量: 328.0KB.


2012-6-7 14:52:13
http://baike.baidu.com/view/870021.html
成功!
处理页面: 7; 下载页面: 7; 失败数: 0; 剩余URL: 322; 下载总量: 372.0KB.


2012-6-7 14:52:13
http://baike.baidu.com/view/3675132.html
成功!
处理页面: 8; 下载页面: 8; 失败数: 0; 剩余URL: 326; 下载总量: 413.0KB.


2012-6-7 14:52:14
http://baike.baidu.com/view/247798.html
成功!
处理页面: 9; 下载页面: 9; 失败数: 0; 剩余URL: 339; 下载总量: 459.0KB.


2012-6-7 14:52:14
http://baike.baidu.com/view/771973.html
成功!
处理页面: 10; 下载页面: 10; 失败数: 0; 剩余URL: 349; 下载总量: 507.0KB.


2012-6-7 14:52:15
http://baike.baidu.com/task/139
成功!
处理页面: 11; 下载页面: 11; 失败数: 0; 剩余URL: 370; 下载总量: 534.0KB.


2012-6-7 14:52:15
http://baike.baidu.com/hezuo/anli.html
成功!
处理页面: 12; 下载页面: 12; 失败数: 0; 剩余URL: 462; 下载总量: 552.0KB.


2012-6-7 14:52:17
http://baike.baidu.com/view/17593.html
成功!
处理页面: 13; 下载页面: 13; 失败数: 0; 剩余URL: 538; 下载总量: 650.0KB.


2012-6-7 14:52:17
http://baike.baidu.com/view/32435.html
成功!
处理页面: 14; 下载页面: 14; 失败数: 0; 剩余URL: 615; 下载总量: 746.0KB.


2012-6-7 14:52:18
http://baike.baidu.com/view/8734.html
成功!
处理页面: 15; 下载页面: 15; 失败数: 0; 剩余URL: 679; 下载总量: 827.0KB.


2012-6-7 14:52:18
http://baike.baidu.com/view/20017.html
成功!
处理页面: 16; 下载页面: 16; 失败数: 0; 剩余URL: 687; 下载总量: 925.0KB.


2012-6-7 14:52:19
http://baike.baidu.com/view/932377.html
成功!
处理页面: 17; 下载页面: 17; 失败数: 0; 剩余URL: 691; 下载总量: 970.0KB.


2012-6-7 14:52:19
http://baike.baidu.com/view/40216.html
成功!
处理页面: 18; 下载页面: 18; 失败数: 0; 剩余URL: 691; 下载总量: 1.027MB.


2012-6-7 14:52:19
http://baike.baidu.com/view/61970.html
成功!
处理页面: 19; 下载页面: 19; 失败数: 0; 剩余URL: 698; 下载总量: 1.077MB.


2012-6-7 14:52:20
http://baike.baidu.com/view/22249.html
成功!
处理页面: 20; 下载页面: 20; 失败数: 0; 剩余URL: 711; 下载总量: 1.148MB.


2012-6-7 14:52:20
http://baike.baidu.com/view/27753.html
成功!
处理页面: 21; 下载页面: 21; 失败数: 0; 剩余URL: 717; 下载总量: 1.202MB.


2012-6-7 14:52:21
http://baike.baidu.com/view/15125.html
成功!
处理页面: 22; 下载页面: 22; 失败数: 0; 剩余URL: 823; 下载总量: 1.295MB.


2012-6-7 14:52:21
http://baike.baidu.com/view/27820.html
成功!
处理页面: 23; 下载页面: 23; 失败数: 0; 剩余URL: 823; 下载总量: 1.367MB.


2012-6-7 14:52:22
http://baike.baidu.com/view/10100.html
成功!
处理页面: 24; 下载页面: 24; 失败数: 0; 剩余URL: 848; 下载总量: 1.456MB.


2012-6-7 14:52:23
http://baike.baidu.com/view/72444.html
成功!
处理页面: 25; 下载页面: 25; 失败数: 0; 剩余URL: 892; 下载总量: 1.521MB.


2012-6-7 14:52:23
http://baike.baidu.com/view/1142326.html
成功!
处理页面: 26; 下载页面: 26; 失败数: 0; 剩余URL: 892; 下载总量: 1.574MB.


2012-6-7 14:52:23
http://baike.baidu.com/view/94370.html
成功!
处理页面: 27; 下载页面: 27; 失败数: 0; 剩余URL: 914; 下载总量: 1.627MB.


