2012-6-6 21:14:05 正在初始化...
2012-6-6 21:14:12 数据库读取成功！
2012-6-6 21:14:12 初始化成功!

2012-6-6 21:14:20
http://news.sina.com.cn
成功!
处理页面: 1; 下载页面: 1; 失败数: 0; 剩余URL: 251; 下载总量: 864.0KB.


2012-6-6 21:14:22
http://news.sina.com.cn/z/zgxwzxysm/
成功!
处理页面: 2; 下载页面: 2; 失败数: 0; 剩余URL: 139; 下载总量: 915.0KB.


2012-6-6 21:14:22
http://news.sina.com.cn/pl/2012-06-05/110324538492.shtml
成功!
处理页面: 3; 下载页面: 3; 失败数: 0; 剩余URL: 139; 下载总量: 992.0KB.


2012-6-6 21:14:22
http://news.sina.com.cn/pc/2012-03-25/27/7009.html
成功!
处理页面: 4; 下载页面: 4; 失败数: 0; 剩余URL: 139; 下载总量: 992.0KB.


2012-6-6 21:14:23
http://news.sina.com.cn/pc/2012-06-06/27/7161.html
成功!
处理页面: 5; 下载页面: 5; 失败数: 0; 剩余URL: 139; 下载总量: 992.0KB.


2012-6-6 21:14:24
http://news.sina.com.cn/pc/photo/2012-05-02/27/7079.html
成功!
处理页面: 6; 下载页面: 6; 失败数: 0; 剩余URL: 143; 下载总量: 992.0KB.


2012-6-6 21:14:24
http://news.sina.com.cn/pc/2012-05-24/27/7145.html
成功!
处理页面: 7; 下载页面: 7; 失败数: 0; 剩余URL: 143; 下载总量: 992.0KB.


2012-6-6 21:14:24
http://news.sina.com.cn/pl/2012-06-06/112424545162.shtml
成功!
处理页面: 8; 下载页面: 9; 失败数: 0; 剩余URL: 143; 下载总量: 1.044MB.


2012-6-6 21:14:26
http://news.sina.com.cn/zt/
成功!
处理页面: 9; 下载页面: 12; 失败数: 0; 剩余URL: 211; 下载总量: 1.195MB.


2012-6-6 21:14:26
http://news.sina.com.cn/c/2012-06-06/185524547159.shtml
失败，失败原因: Http response error!

处理页面: 10; 下载页面: 12; 失败数: 1; 剩余URL: 211; 下载总量: 1.195MB.


2012-6-6 21:14:26
http://news.sina.com.cn/pc/2012-04-24/27/7056.html
成功!
处理页面: 11; 下载页面: 12; 失败数: 1; 剩余URL: 211; 下载总量: 1.195MB.


2012-6-6 21:14:27
http://news.sina.com.cn/pc/2012-03-28/27/7012.html
成功!
处理页面: 12; 下载页面: 13; 失败数: 1; 剩余URL: 343; 下载总量: 1.297MB.


2012-6-6 21:14:27
http://news.sina.com.cn/media/
成功!
处理页面: 13; 下载页面: 13; 失败数: 1; 剩余URL: 343; 下载总量: 1.297MB.


2012-6-6 21:14:27
http://news.sina.com.cn/area/
成功!
处理页面: 14; 下载页面: 14; 失败数: 1; 剩余URL: 343; 下载总量: 1.324MB.


2012-6-6 21:14:28
http://news.sina.com.cn/z/video/ygqznw60/?opsubject_id=top1
成功!
处理页面: 15; 下载页面: 15; 失败数: 1; 剩余URL: 343; 下载总量: 1.409MB.


2012-6-6 21:14:28
http://news.sina.com.cn/z/2012G8fenghui/
成功!
处理页面: 16; 下载页面: 16; 失败数: 1; 剩余URL: 357; 下载总量: 1.461MB.


2012-6-6 21:14:28
http://news.sina.com.cn/report/
成功!
处理页面: 17; 下载页面: 19; 失败数: 1; 剩余URL: 442; 下载总量: 1.680MB.


2012-6-6 21:14:29
http://news.sina.com.cn/pl/2012-06-06/023924541702.shtml
成功!
处理页面: 18; 下载页面: 19; 失败数: 1; 剩余URL: 442; 下载总量: 1.680MB.


2012-6-6 21:14:29
http://news.sina.com.cn/china/
成功!
处理页面: 19; 下载页面: 19; 失败数: 1; 剩余URL: 443; 下载总量: 1.680MB.


2012-6-6 21:14:29
http://news.sina.com.cn/z/aijixuan2012/
成功!
处理页面: 20; 下载页面: 20; 失败数: 1; 剩余URL: 457; 下载总量: 1.738MB.


2012-6-6 21:14:29
http://news.sina.com.cn/society/
成功!
处理页面: 21; 下载页面: 22; 失败数: 1; 剩余URL: 643; 下载总量: 1.904MB.


2012-6-6 21:14:29
http://news.sina.com.cn/world/
成功!
处理页面: 22; 下载页面: 23; 失败数: 1; 剩余URL: 653; 下载总量: 1.958MB.


2012-6-6 21:14:29
http://news.sina.com.cn/z/xwzs26/
成功!
处理页面: 23; 下载页面: 23; 失败数: 1; 剩余URL: 656; 下载总量: 1.958MB.


2012-6-6 21:14:30
http://news.sina.com.cn/pl/2012-06-05/021924534803.shtml
成功!
处理页面: 24; 下载页面: 27; 失败数: 1; 剩余URL: 657; 下载总量: 2.221MB.


2012-6-6 21:14:31
http://news.sina.com.cn/c/t/20120606/175311.shtml
失败，失败原因: Http response error!

处理页面: 25; 下载页面: 27; 失败数: 2; 剩余URL: 658; 下载总量: 2.221MB.


2012-6-6 21:14:31
http://news.sina.com.cn/pl/2012-06-06/023924541685.shtml
成功!
处理页面: 26; 下载页面: 27; 失败数: 2; 剩余URL: 659; 下载总量: 2.221MB.


2012-6-6 21:14:31
http://news.sina.com.cn/pl/2012-06-06/051924542878.shtml
成功!
处理页面: 27; 下载页面: 27; 失败数: 2; 剩余URL: 659; 下载总量: 2.221MB.


2012-6-6 21:14:31
http://news.sina.com.cn/pl/2012-06-06/031924542049.shtml
成功!
处理页面: 28; 下载页面: 28; 失败数: 2; 剩余URL: 660; 下载总量: 2.295MB.


2012-6-6 21:14:31
http://news.sina.com.cn/pl/2012-06-06/051924542873.shtml
成功!
处理页面: 29; 下载页面: 42; 失败数: 2; 剩余URL: 1121; 下载总量: 3.412MB.


2012-6-6 21:14:37
http://news.sina.com.cn/c/2012-06-06/030024541987.shtml
失败，失败原因: Http response error!

处理页面: 30; 下载页面: 42; 失败数: 3; 剩余URL: 1125; 下载总量: 3.412MB.


2012-6-6 21:14:37
http://news.sina.com.cn/pl/2012-06-06/051924542874.shtml
成功!
处理页面: 31; 下载页面: 42; 失败数: 3; 剩余URL: 1125; 下载总量: 3.412MB.


2012-6-6 21:14:37
http://news.sina.com.cn/pl/2012-06-06/051924542875.shtml
成功!
处理页面: 32; 下载页面: 42; 失败数: 3; 剩余URL: 1125; 下载总量: 3.412MB.


2012-6-6 21:14:38
http://news.sina.com.cn/zt/col_china/
成功!
处理页面: 33; 下载页面: 42; 失败数: 3; 剩余URL: 1125; 下载总量: 3.412MB.


2012-6-6 21:14:38
http://news.sina.com.cn/pl/2012-06-06/023924541627.shtml
成功!
处理页面: 34; 下载页面: 42; 失败数: 3; 剩余URL: 1125; 下载总量: 3.412MB.


2012-6-6 21:14:38
http://news.sina.com.cn/w/2012-06-06/033124542234.shtml
失败，失败原因: Http response error!

处理页面: 35; 下载页面: 44; 失败数: 4; 剩余URL: 1126; 下载总量: 3.566MB.


2012-6-6 21:14:43
http://news.sina.com.cn/pl/2012-06-06/023924541623.shtml
成功!
处理页面: 36; 下载页面: 44; 失败数: 4; 剩余URL: 1126; 下载总量: 3.566MB.


2012-6-6 21:14:43
http://news.sina.com.cn/area/bj.shtml
成功!
处理页面: 37; 下载页面: 44; 失败数: 4; 剩余URL: 1126; 下载总量: 3.566MB.


2012-6-6 21:14:44
http://news.sina.com.cn/z/jwmmyj/
成功!
处理页面: 38; 下载页面: 44; 失败数: 4; 剩余URL: 1126; 下载总量: 3.566MB.


2012-6-6 21:14:44
http://news.sina.com.cn/pl/2012-06-06/071324543612.shtml
成功!
处理页面: 39; 下载页面: 44; 失败数: 4; 剩余URL: 1126; 下载总量: 3.566MB.


2012-6-6 21:14:44
http://news.sina.com.cn/z/zfnh2012/
成功!
处理页面: 40; 下载页面: 44; 失败数: 4; 剩余URL: 1126; 下载总量: 3.566MB.


2012-6-6 21:14:44
http://news.sina.com.cn/pl/2012-06-06/080124543969.shtml
成功!
处理页面: 41; 下载页面: 44; 失败数: 4; 剩余URL: 1126; 下载总量: 3.566MB.


2012-6-6 21:14:44
http://news.sina.com.cn/z/chxklych/
成功!
处理页面: 42; 下载页面: 44; 失败数: 4; 剩余URL: 1126; 下载总量: 3.566MB.


2012-6-6 21:14:45
http://news.sina.com.cn/c/2012-06-06/020924541570.shtml
失败，失败原因: Http response error!

处理页面: 43; 下载页面: 44; 失败数: 5; 剩余URL: 1126; 下载总量: 3.566MB.


2012-6-6 21:14:45
http://news.sina.com.cn/c/2012-06-06/163524546513.shtml
失败，失败原因: Http response error!

处理页面: 44; 下载页面: 44; 失败数: 6; 剩余URL: 1126; 下载总量: 3.566MB.


2012-6-6 21:14:48
http://news.sina.com.cn/c/2012-06-06/142624545785.shtml
失败，失败原因: Http response error!

处理页面: 45; 下载页面: 45; 失败数: 7; 剩余URL: 1126; 下载总量: 3.642MB.


2012-6-6 21:14:48
http://news.sina.com.cn/c/sd/2012-06-05/145924539321.shtml
失败，失败原因: Http response error!

处理页面: 46; 下载页面: 46; 失败数: 8; 剩余URL: 1126; 下载总量: 3.720MB.


2012-6-6 21:14:49
http://news.sina.com.cn/w/2012-06-05/150224539455.shtml
失败，失败原因: Http response error!

处理页面: 47; 下载页面: 47; 失败数: 9; 剩余URL: 1126; 下载总量: 3.796MB.


2012-6-6 21:14:52
http://news.sina.com.cn/w/2012-06-06/015224541538.shtml
失败，失败原因: Http response error!

处理页面: 48; 下载页面: 48; 失败数: 10; 剩余URL: 1126; 下载总量: 3.871MB.


2012-6-6 21:14:53
http://news.sina.com.cn/c/2012-06-06/211124547515.shtml
失败，失败原因: Http response error!

处理页面: 49; 下载页面: 49; 失败数: 11; 剩余URL: 1126; 下载总量: 3.947MB.


2012-6-6 21:14:53
http://news.sina.com.cn/w/2012-06-06/061324543224.shtml
失败，失败原因: Http response error!

处理页面: 50; 下载页面: 50; 失败数: 12; 剩余URL: 1126; 下载总量: 4.023MB.


2012-6-6 21:14:54
http://news.sina.com.cn/c/2012-06-06/052224543007.shtml
失败，失败原因: Http response error!

处理页面: 51; 下载页面: 51; 失败数: 13; 剩余URL: 1126; 下载总量: 4.102MB.


2012-6-6 21:14:54
http://news.sina.com.cn/c/2012-03-27/092724180834.shtml
失败，失败原因: Http response error!

处理页面: 52; 下载页面: 52; 失败数: 14; 剩余URL: 1126; 下载总量: 4.178MB.


2012-6-6 21:14:55
http://news.sina.com.cn/c/sd/2012-06-05/145524539308.shtml
失败，失败原因: Http response error!

处理页面: 53; 下载页面: 53; 失败数: 15; 剩余URL: 1126; 下载总量: 4.257MB.


2012-6-6 21:14:55
http://news.sina.com.cn/w/2012-06-05/234924541126.shtml
失败，失败原因: Http response error!

处理页面: 54; 下载页面: 54; 失败数: 16; 剩余URL: 1126; 下载总量: 4.333MB.


2012-6-6 21:14:56
http://news.sina.com.cn/c/sd/p/2012-06-04/025924529132.shtml
失败，失败原因: Http response error!

处理页面: 55; 下载页面: 55; 失败数: 17; 剩余URL: 1126; 下载总量: 4.416MB.


2012-6-6 21:14:57
http://news.sina.com.cn/c/2012-06-06/193524547309.shtml
失败，失败原因: Http response error!

处理页面: 56; 下载页面: 56; 失败数: 18; 剩余URL: 1126; 下载总量: 4.492MB.


2012-6-6 21:14:58
http://news.sina.com.cn/c/2012-06-06/160224546399.shtml
失败，失败原因: Http response error!

处理页面: 57; 下载页面: 57; 失败数: 19; 剩余URL: 1126; 下载总量: 4.571MB.


2012-6-6 21:14:59
http://news.sina.com.cn/c/sd/2012-06-06/114024545285.shtml
失败，失败原因: Http response error!

处理页面: 58; 下载页面: 58; 失败数: 20; 剩余URL: 1126; 下载总量: 4.647MB.


2012-6-6 21:15:00
http://news.sina.com.cn/s/2012-06-06/082524544074.shtml
失败，失败原因: Http response error!

处理页面: 59; 下载页面: 59; 失败数: 21; 剩余URL: 1126; 下载总量: 4.723MB.


2012-6-6 21:15:01
http://news.sina.com.cn/s/2012-06-06/110624545052.shtml
失败，失败原因: Http response error!

处理页面: 60; 下载页面: 60; 失败数: 22; 剩余URL: 1126; 下载总量: 4.799MB.


2012-6-6 21:15:01
http://news.sina.com.cn/c/2012-06-06/001424541133.shtml
失败，失败原因: Http response error!

处理页面: 61; 下载页面: 61; 失败数: 23; 剩余URL: 1126; 下载总量: 4.876MB.


2012-6-6 21:15:01
http://news.sina.com.cn/c/2012-06-05/210924540868.shtml
失败，失败原因: Http response error!

处理页面: 62; 下载页面: 62; 失败数: 24; 剩余URL: 1126; 下载总量: 4.952MB.


2012-6-6 21:15:02
http://news.sina.com.cn/w/2012-06-06/083024544098.shtml
失败，失败原因: Http response error!

处理页面: 63; 下载页面: 67; 失败数: 25; 剩余URL: 1126; 下载总量: 5.343MB.


2012-6-6 21:15:03
http://news.sina.com.cn/c/2012-06-06/165224546685.shtml
失败，失败原因: Http response error!

处理页面: 64; 下载页面: 67; 失败数: 26; 剩余URL: 1126; 下载总量: 5.343MB.


2012-6-6 21:15:03
http://news.sina.com.cn/c/2012-06-06/174824546817.shtml
失败，失败原因: Http response error!

处理页面: 65; 下载页面: 67; 失败数: 27; 剩余URL: 1126; 下载总量: 5.343MB.


2012-6-6 21:15:03
http://news.sina.com.cn/w/2012-06-06/084424544393.shtml
失败，失败原因: Http response error!

处理页面: 66; 下载页面: 67; 失败数: 28; 剩余URL: 1126; 下载总量: 5.343MB.


2012-6-6 21:15:03
http://news.sina.com.cn/c/2012-06-06/043424542503.shtml
失败，失败原因: Http response error!

处理页面: 67; 下载页面: 67; 失败数: 29; 剩余URL: 1126; 下载总量: 5.343MB.


2012-6-6 21:15:04
http://news.sina.com.cn/c/2012-06-06/185424547184.shtml
失败，失败原因: Http response error!

处理页面: 68; 下载页面: 70; 失败数: 30; 剩余URL: 1126; 下载总量: 5.573MB.


2012-6-6 21:15:04
http://news.sina.com.cn/c/2012-03-27/092924180845.shtml
失败，失败原因: Http response error!

处理页面: 69; 下载页面: 70; 失败数: 31; 剩余URL: 1126; 下载总量: 5.573MB.


2012-6-6 21:15:04
http://news.sina.com.cn/w/2012-06-06/162624546573.shtml
失败，失败原因: Http response error!

处理页面: 70; 下载页面: 72; 失败数: 32; 剩余URL: 1126; 下载总量: 5.725MB.


2012-6-6 21:15:05
http://news.sina.com.cn/w/2012-06-05/105424538651.shtml
失败，失败原因: Http response error!

处理页面: 71; 下载页面: 72; 失败数: 33; 剩余URL: 1126; 下载总量: 5.725MB.


2012-6-6 21:15:05
http://news.sina.com.cn/c/sd/2012-06-05/150424539409.shtml
失败，失败原因: Http response error!

处理页面: 72; 下载页面: 76; 失败数: 34; 剩余URL: 1126; 下载总量: 6.039MB.


2012-6-6 21:15:05
http://news.sina.com.cn/c/sd/2012-06-06/111024545088.shtml
失败，失败原因: Http response error!

处理页面: 73; 下载页面: 76; 失败数: 35; 剩余URL: 1126; 下载总量: 6.039MB.


2012-6-6 21:15:05
http://news.sina.com.cn/c/sd/2012-06-05/005524534448.shtml
失败，失败原因: Http response error!

处理页面: 74; 下载页面: 76; 失败数: 36; 剩余URL: 1126; 下载总量: 6.039MB.


2012-6-6 21:15:05
http://news.sina.com.cn/c/2012-06-06/200224547425.shtml
失败，失败原因: Http response error!

处理页面: 75; 下载页面: 76; 失败数: 37; 剩余URL: 1126; 下载总量: 6.039MB.


2012-6-6 21:15:06
http://news.sina.com.cn/c/sd/2012-06-06/124924545391.shtml
失败，失败原因: Http response error!

处理页面: 76; 下载页面: 78; 失败数: 38; 剩余URL: 1126; 下载总量: 6.192MB.


2012-6-6 21:15:06
http://news.sina.com.cn/s/p/2012-06-06/060024543200.shtml
失败，失败原因: Http response error!

处理页面: 77; 下载页面: 79; 失败数: 39; 剩余URL: 1126; 下载总量: 6.270MB.


2012-6-6 21:15:06
