2012-4-25 1:25:28 正在初始化...
2012-4-25 1:25:30 数据库读取成功！
2012-4-25 1:25:30 初始化成功!

2012-4-25 1:25:31
http://www.hudong.com
成功!
处理页面: 1; 下载页面: 1; 失败数: 0; 剩余URL: 138; 下载总量: 73.0KB.


2012-4-25 1:25:31
http://www.hudong.com/wiki/%E7%94%9F%E7%90%86%E6%9C%9F%E5%87%8F%E8%82%A5
成功!
处理页面: 2; 下载页面: 2; 失败数: 0; 剩余URL: 38; 下载总量: 104.0KB.


2012-4-25 1:25:32
http://www.hudong.com/wiki/%E5%80%A6%E9%B8%9F%E6%97%8F
成功!
处理页面: 3; 下载页面: 3; 失败数: 0; 剩余URL: 38; 下载总量: 162.0KB.


2012-4-25 1:25:33
http://www.hudong.com/wiki/%E6%8B%9F%E4%BA%BA%E6%9C%BA%E5%99%A8%E4%BA%BA
成功!
处理页面: 4; 下载页面: 4; 失败数: 0; 剩余URL: 38; 下载总量: 191.0KB.


2012-4-25 1:25:34
http://www.hudong.com/wiki/%E6%9C%BA%E6%A2%B0%E8%9D%B4%E8%9D%B6
成功!
处理页面: 5; 下载页面: 5; 失败数: 0; 剩余URL: 38; 下载总量: 213.0KB.


2012-4-25 1:25:34
http://www.hudong.com/wiki/%E6%B3%A2%E6%B3%A2%E5%8D%A1%E7%89%B9%E4%BD%A9%E7%89%B9%E7%81%AB%E5%B1%B1
成功!
处理页面: 6; 下载页面: 6; 失败数: 0; 剩余URL: 38; 下载总量: 243.0KB.


2012-4-25 21:22:30 正在初始化...
2012-4-25 21:22:32 数据库读取成功！
2012-4-25 21:22:33 初始化成功!

2012-4-25 21:22:34
http://www.hudong.com
成功!
处理页面: 1; 下载页面: 1; 失败数: 0; 剩余URL: 301; 下载总量: 73.0KB.


2012-4-25 21:22:35
http://group.hudong.com/wiki/bbs/qfnEAAAgEAmd7e3Z8.html
成功!
处理页面: 2; 下载页面: 2; 失败数: 0; 剩余URL: 220; 下载总量: 99.0KB.


2012-4-25 21:22:36
http://www.hudong.com/?prd=shouye_daohangtiao
成功!
处理页面: 3; 下载页面: 3; 失败数: 0; 剩余URL: 421; 下载总量: 172.0KB.


2012-4-25 21:22:37
http://www.hudong.com/wiki/%E5%AD%A8%E6%97%8F
成功!
处理页面: 4; 下载页面: 4; 失败数: 0; 剩余URL: 566; 下载总量: 212.0KB.


2012-4-25 21:22:37
http://www.hudong.com/wiki/%E8%B0%A2%E4%BA%9A%E6%A2%85
成功!
处理页面: 5; 下载页面: 5; 失败数: 0; 剩余URL: 604; 下载总量: 241.0KB.


2012-4-25 21:22:38
http://www.hudong.com/wiki/%E6%98%93%E5%8C%97%E6%B2%B3%E4%BC%9A%E5%B8%88
成功!
处理页面: 6; 下载页面: 6; 失败数: 0; 剩余URL: 633; 下载总量: 265.0KB.


2012-4-25 21:22:39
http://group.hudong.com/guancha/bbs/zAQNWX1leUEJcVnkH.html
成功!
处理页面: 7; 下载页面: 7; 失败数: 0; 剩余URL: 653; 下载总量: 300.0KB.


2012-4-25 21:23:05 正在初始化...
2012-4-25 21:23:05 数据库读取成功！
2012-4-25 21:23:06 初始化成功!

2012-4-25 21:23:07
http://www.hudong.com
成功!
处理页面: 1; 下载页面: 1; 失败数: 0; 剩余URL: 301; 下载总量: 73.0KB.


2012-4-25 21:23:08
http://www.hudong.com/wiki/%E7%A4%BC%E4%B9%90%E6%BB%A9
成功!
处理页面: 2; 下载页面: 2; 失败数: 0; 剩余URL: 416; 下载总量: 129.0KB.


2012-4-25 21:23:09
http://www.hudong.com/fenlei/?prd=shouye_daohangtiao_bkdq
成功!
处理页面: 3; 下载页面: 3; 失败数: 0; 剩余URL: 1073; 下载总量: 206.0KB.


2012-4-25 21:23:09
http://www.hudong.com/wiki/%E6%98%8E%E6%9C%9D
成功!
处理页面: 4; 下载页面: 4; 失败数: 0; 剩余URL: 1073; 下载总量: 280.0KB.


2012-4-25 21:23:09
http://www.hudong.com/wiki/%E8%90%A8%E5%B0%94%E7%93%A6%C2%B7%E5%9F%BA%E5%B0%94
成功!
处理页面: 5; 下载页面: 5; 失败数: 0; 剩余URL: 1099; 下载总量: 305.0KB.


2012-4-25 21:23:11
http://www.hudong.com/wiki/%E7%BF%81%E6%B6%9B
成功!
处理页面: 6; 下载页面: 6; 失败数: 0; 剩余URL: 1132; 下载总量: 330.0KB.


2012-4-25 21:23:11
http://www.hudong.com/wiki/%E8%A9%B9%E5%A7%86%E6%96%AF%C2%B7%E9%BB%98%E5%A4%9A%E5%85%8B
成功!
处理页面: 7; 下载页面: 7; 失败数: 0; 剩余URL: 1212; 下载总量: 367.0KB.


2012-4-25 21:23:12
http://www.hudong.com/shouye/more/renwu.html
成功!
处理页面: 8; 下载页面: 8; 失败数: 0; 剩余URL: 1295; 下载总量: 385.0KB.


2012-4-25 21:23:13
http://www.hudong.com/wiki/%E8%84%91%E6%AD%BB%E4%BA%A1
成功!
处理页面: 9; 下载页面: 9; 失败数: 0; 剩余URL: 1357; 下载总量: 425.0KB.


2012-4-25 21:23:14
http://www.hudong.com/wiki/%E4%B8%AD%E5%8D%8E%E9%BC%A2%E9%BC%A0
成功!
处理页面: 10; 下载页面: 10; 失败数: 0; 剩余URL: 1396; 下载总量: 456.0KB.


2012-4-25 21:23:15
http://www.hudong.com/wiki/%E9%9A%90%E7%9D%BE
成功!
处理页面: 11; 下载页面: 11; 失败数: 0; 剩余URL: 1462; 下载总量: 496.0KB.


2012-4-25 21:23:15
http://www.hudong.com/wiki/%E4%B8%99%E7%83%AF%E9%85%B0%E8%83%BA
成功!
处理页面: 12; 下载页面: 12; 失败数: 0; 剩余URL: 1635; 下载总量: 551.0KB.


2012-4-25 21:23:16
http://www.hudong.com/wiki/%E5%A4%A9%E6%B2%B3%E4%B8%80%E5%8F%B7
成功!
处理页面: 13; 下载页面: 13; 失败数: 0; 剩余URL: 1706; 下载总量: 646.0KB.


2012-4-25 21:23:17
http://www.hudong.com/wiki/%E5%8F%8D%E6%BD%9C%E6%9C%BA
成功!
处理页面: 14; 下载页面: 14; 失败数: 0; 剩余URL: 1797; 下载总量: 689.0KB.


2012-4-25 21:23:18
http://www.hudong.com/z/jiaoshi/index.html
成功!
处理页面: 15; 下载页面: 15; 失败数: 0; 剩余URL: 1908; 下载总量: 730.0KB.


2012-4-25 21:23:18
http://group.hudong.com/chemistry/bbs/jRQNBCFgWAldfA0lG.html
成功!
处理页面: 16; 下载页面: 16; 失败数: 0; 剩余URL: 1919; 下载总量: 745.0KB.


2012-4-25 21:23:19
http://group.hudong.com/painter/bbs/fRRxfQEcEXkFYVBNB.html
成功!
处理页面: 17; 下载页面: 17; 失败数: 0; 剩余URL: 1955; 下载总量: 760.0KB.


2012-4-25 21:23:20
http://group.hudong.com/dzjk/bbs/GdwFRBHZmXWBbaEd8.html
成功!
处理页面: 18; 下载页面: 18; 失败数: 0; 剩余URL: 1970; 下载总量: 777.0KB.


2012-4-25 21:23:21
http://group.hudong.com/yu_wen/bbs/TAAREAwRXW0dBWAEA.html
成功!
处理页面: 19; 下载页面: 19; 失败数: 0; 剩余URL: 1982; 下载总量: 794.0KB.


2012-4-25 21:23:22
http://group.hudong.com/zhwm0378/bbs/zAQNWX1leUEFVUnoA.html
成功!
处理页面: 20; 下载页面: 20; 失败数: 0; 剩余URL: 2094; 下载总量: 855.0KB.


2012-4-25 21:23:23
http://group.hudong.com/li_shi/bbs/yQ11RVUReA2BffENH.html
成功!
处理页面: 21; 下载页面: 21; 失败数: 0; 剩余URL: 2114; 下载总量: 876.0KB.


2012-4-25 21:23:23
http://group.hudong.com/hddl/bbs/MZH10agFZZGINdVJn.html
成功!
处理页面: 22; 下载页面: 22; 失败数: 0; 剩余URL: 2133; 下载总量: 895.0KB.


2012-4-25 21:23:25
http://www.hudong.com/wiki/%E9%81%A5%E6%8E%A7%E5%8A%A8%E5%8A%9B%E9%9E%8B
成功!
处理页面: 23; 下载页面: 23; 失败数: 0; 剩余URL: 2153; 下载总量: 916.0KB.


2012-4-25 21:23:25
http://www.hudong.com/wiki/%E7%BA%B3%E7%B1%B3%E5%96%B7%E9%9B%BE
成功!
处理页面: 24; 下载页面: 24; 失败数: 0; 剩余URL: 2174; 下载总量: 936.0KB.


2012-4-25 21:23:26
http://www.hudong.com/wiki/%E7%B1%BB%E4%BA%BA%E6%9C%BA%E5%99%A8%E4%BA%BA
成功!
处理页面: 25; 下载页面: 25; 失败数: 0; 剩余URL: 2198; 下载总量: 958.0KB.


2012-4-25 21:23:27
http://www.hudong.com/wiki/%E4%BC%AA%E6%B2%9F%E9%80%9A
成功!
处理页面: 26; 下载页面: 26; 失败数: 0; 剩余URL: 2257; 下载总量: 985.0KB.


2012-4-25 21:23:27
http://www.hudong.com/wiki/%E5%85%89%E7%85%A7%E8%83%8E%E6%95%99
成功!
处理页面: 27; 下载页面: 27; 失败数: 0; 剩余URL: 2291; 下载总量: 1011.0KB.


2012-4-25 21:23:28
http://www.hudong.com/wiki/%E4%BF%9D%E5%AF%86%E7%84%A6%E8%99%91%E7%97%87
成功!
处理页面: 28; 下载页面: 28; 失败数: 0; 剩余URL: 2342; 下载总量: 1.016MB.


2012-4-25 21:23:29
http://www.hudong.com/wiki/%E6%99%BA%E6%85%A7%E7%9B%B8%E4%BA%B2
成功!
处理页面: 29; 下载页面: 29; 失败数: 0; 剩余URL: 2368; 下载总量: 1.037MB.


2012-4-25 21:23:30
http://www.hudong.com/wiki/%E6%89%AB%E9%99%A4%E5%8A%9B
成功!
处理页面: 30; 下载页面: 30; 失败数: 0; 剩余URL: 2390; 下载总量: 1.061MB.


2012-4-25 21:23:31
http://www.hudong.com/wiki/%E7%8E%8B%E8%BF%9B%E6%96%87%5B%E6%B8%85%E5%8D%8E%E5%8D%9A%E5%A3%AB%5D
成功!
处理页面: 31; 下载页面: 31; 失败数: 0; 剩余URL: 2417; 下载总量: 1.086MB.


2012-4-25 21:23:32
http://redian.hudong.com/wanshan.html
成功!
处理页面: 32; 下载页面: 32; 失败数: 0; 剩余URL: 2709; 下载总量: 1.124MB.


2012-4-25 21:23:32
http://www.hudong.com/wiki/%E5%AD%A8%E6%97%8F
成功!
处理页面: 33; 下载页面: 33; 失败数: 0; 剩余URL: 2854; 下载总量: 1.163MB.


2012-4-25 21:23:33
http://www.hudong.com/wiki/%E8%B0%A2%E4%BA%9A%E6%A2%85
成功!
处理页面: 34; 下载页面: 34; 失败数: 0; 剩余URL: 2892; 下载总量: 1.191MB.


2012-4-25 21:23:34
http://www.hudong.com/wiki/%E5%BC%A0%E4%B9%89
成功!
处理页面: 35; 下载页面: 35; 失败数: 0; 剩余URL: 3052; 下载总量: 1.245MB.


2012-4-25 21:23:35
http://www.hudong.com/wiki/%E7%BB%9F%E4%B8%80%E4%BF%84%E7%BD%97%E6%96%AF%E5%85%9A
成功!
处理页面: 36; 下载页面: 36; 失败数: 0; 剩余URL: 3140; 下载总量: 1.286MB.


2012-4-25 21:23:36
http://www.hudong.com/wiki/%E9%81%BF%E9%A3%8E%E6%B8%AF%E5%8E%9F%E5%88%99
成功!
处理页面: 37; 下载页面: 37; 失败数: 0; 剩余URL: 3174; 下载总量: 1.317MB.


2012-4-25 21:23:36
http://www.hudong.com/wiki/%E8%81%94%E5%90%88%E5%9B%BD%E8%A5%BF%E6%92%92%E5%93%88%E6%8B%89%E5%85%A8%E6%B0%91%E6%8A%95%E7%A5%A8%E7%89%B9%E6%B4%BE%E5%9B%A2
成功!
处理页面: 38; 下载页面: 38; 失败数: 0; 剩余URL: 3200; 下载总量: 1.344MB.


2012-4-25 21:23:37
http://www.hudong.com/wiki/%E6%8E%AE%E5%AE%A2%5B%E7%89%B9%E5%AE%9A%E4%BA%BA%E7%BE%A4%E7%A7%B0%E5%91%BC%5D
成功!
处理页面: 39; 下载页面: 39; 失败数: 0; 剩余URL: 3259; 下载总量: 1.373MB.


2012-4-25 21:23:38
http://www.hudong.com/wiki/%E5%8D%97%E6%96%B9%E7%A7%91%E6%8A%80%E5%A4%A7%E5%AD%A6
成功!
处理页面: 40; 下载页面: 40; 失败数: 0; 剩余URL: 3313; 下载总量: 1.416MB.


2012-4-25 21:23:39
http://www.hudong.com/wiki/%E9%A3%8E%E6%9A%B4%E6%BD%AE
成功!
处理页面: 41; 下载页面: 41; 失败数: 0; 剩余URL: 3433; 下载总量: 1.461MB.


2012-4-25 21:23:40
http://www.hudong.com/wiki/%E9%9D%9E%E6%B3%95%E8%AF%81%E6%8D%AE%E6%8E%92%E9%99%A4%E8%A7%84%E5%88%99
成功!
处理页面: 42; 下载页面: 42; 失败数: 0; 剩余URL: 3464; 下载总量: 1.490MB.


2012-4-25 21:23:41
http://www.hudong.com/shouye/more/focus.html
成功!
处理页面: 43; 下载页面: 43; 失败数: 0; 剩余URL: 3532; 下载总量: 1.509MB.


2012-4-25 21:23:42
http://group.hudong.com/hddl/bbs/NfEACAwQFW0QIDgN7.html
成功!
处理页面: 44; 下载页面: 44; 失败数: 0; 剩余URL: 3542; 下载总量: 1.534MB.


2012-4-25 21:23:42
http://www.hudong.com/wiki/%E5%9B%BD%E5%AE%B6%E5%A4%A9%E6%96%87%E5%8F%B0
成功!
处理页面: 45; 下载页面: 45; 失败数: 0; 剩余URL: 3581; 下载总量: 1.570MB.


2012-4-25 21:23:43
http://www.hudong.com/wiki/%E6%B5%85%E6%B5%B7%E6%B2%89%E7%A7%AF
成功!
处理页面: 46; 下载页面: 46; 失败数: 0; 剩余URL: 3807; 下载总量: 1.630MB.


2012-4-25 21:23:44
http://www.hudong.com/wiki/%E4%B8%93%E5%B1%9E%E7%BB%8F%E6%B5%8E%E5%8C%BA
成功!
处理页面: 47; 下载页面: 47; 失败数: 0; 剩余URL: 3869; 下载总量: 1.671MB.


2012-4-25 21:23:46
http://www.hudong.com/?prd=shouye_daohangtiao
成功!
处理页面: 48; 下载页面: 48; 失败数: 0; 剩余URL: 4070; 下载总量: 1.742MB.


2012-4-25 21:23:46
http://www.hudong.com/wiki/%E7%93%A6%E8%8E%B1%E9%87%8C%E5%A8%85%C2%B7%E5%8D%A2%E5%9F%BA%E4%BA%9A%E8%AF%BA%E5%A8%83
成功!
处理页面: 49; 下载页面: 49; 失败数: 0; 剩余URL: 4116; 下载总量: 1.778MB.


2012-4-25 21:23:59 正在初始化...
2012-4-25 21:23:59 数据库读取成功！
2012-4-25 21:23:59 初始化成功!

2012-4-25 21:24:00
http://www.hudong.com
成功!
处理页面: 1; 下载页面: 1; 失败数: 0; 剩余URL: 301; 下载总量: 73.0KB.


2012-4-25 21:24:01
http://www.hudong.com/wiki/%E9%81%BF%E9%A3%8E%E6%B8%AF%E5%8E%9F%E5%88%99
成功!
处理页面: 2; 下载页面: 2; 失败数: 0; 剩余URL: 235; 下载总量: 105.0KB.


2012-4-25 21:24:02
http://www.hudong.com/wiki/%E6%8E%AE%E5%AE%A2%5B%E7%89%B9%E5%AE%9A%E4%BA%BA%E7%BE%A4%E7%A7%B0%E5%91%BC%5D
成功!
处理页面: 3; 下载页面: 3; 失败数: 0; 剩余URL: 294; 下载总量: 135.0KB.


2012-4-25 21:24:03
http://www.hudong.com/wiki/%E5%A4%AA%E9%98%B3%E7%A3%81%E5%9C%BA
成功!
处理页面: 4; 下载页面: 4; 失败数: 0; 剩余URL: 343; 下载总量: 176.0KB.


2012-4-25 21:24:03
http://www.hudong.com/wiki/%E5%9B%BD%E6%B0%91%E6%94%B6%E5%85%A5%E5%88%86%E9%85%8D
成功!
处理页面: 5; 下载页面: 5; 失败数: 0; 剩余URL: 422; 下载总量: 212.0KB.


2012-4-25 21:24:04
http://www.hudong.com/wiki/%E5%9C%A3%E7%81%B5%E6%8A%B5%E6%8A%97%E5%86%9B
成功!
处理页面: 6; 下载页面: 6; 失败数: 0; 剩余URL: 470; 下载总量: 243.0KB.


2012-4-25 21:24:05
http://www.hudong.com/wiki/%E7%81%AB%E6%B5%81%E6%98%9F
成功!
处理页面: 7; 下载页面: 7; 失败数: 0; 剩余URL: 517; 下载总量: 274.0KB.


2012-4-25 21:24:06
http://www.hudong.com/wiki/%E5%8C%97%E4%BA%AC%E5%9C%B0%E4%B8%8B%E5%9F%8E
成功!
处理页面: 8; 下载页面: 8; 失败数: 0; 剩余URL: 556; 下载总量: 303.0KB.


2012-4-25 21:24:07
http://www.hudong.com/wiki/%E5%9D%A6%E5%8D%9A%E6%8B%89%E7%81%AB%E5%B1%B1
成功!
处理页面: 9; 下载页面: 9; 失败数: 0; 剩余URL: 607; 下载总量: 336.0KB.


2012-4-25 21:24:08
http://www.hudong.com/wiki/%E5%B0%A4%E5%88%A9%E5%A8%85%C2%B7%E5%AD%A3%E8%8E%AB%E7%94%B3%E7%A7%91
成功!
处理页面: 10; 下载页面: 10; 失败数: 0; 剩余URL: 677; 下载总量: 385.0KB.


2012-4-25 21:24:08
http://www.hudong.com/wiki/%E9%87%91%E6%AD%A3%E6%B7%91
成功!
处理页面: 11; 下载页面: 11; 失败数: 0; 剩余URL: 736; 下载总量: 417.0KB.


2012-4-25 21:24:09
http://www.hudong.com/wiki/%E7%87%95%E5%9F%8E%E7%9B%91%E7%8B%B1
成功!
处理页面: 12; 下载页面: 12; 失败数: 0; 剩余URL: 755; 下载总量: 440.0KB.


2012-4-25 21:24:10
http://www.hudong.com/wiki/%E7%93%A6%E8%8E%B1%E9%87%8C%E5%A8%85%C2%B7%E5%8D%A2%E5%9F%BA%E4%BA%9A%E8%AF%BA%E5%A8%83
成功!
处理页面: 13; 下载页面: 13; 失败数: 0; 剩余URL: 801; 下载总量: 477.0KB.


2012-4-25 21:24:11
http://www.hudong.com/wiki/%E7%BF%81%E6%B6%9B
成功!
处理页面: 14; 下载页面: 14; 失败数: 0; 剩余URL: 834; 下载总量: 502.0KB.


2012-4-25 21:24:12
http://w.hudong.com/7e2e658f58b64b238ca0ce5606da8a1e.html
成功!
处理页面: 15; 下载页面: 15; 失败数: 0; 剩余URL: 859; 下载总量: 522.0KB.


2012-4-25 21:24:12
http://www.hudong.com/wiki/%E6%99%BA%E6%85%A7%E7%9B%B8%E4%BA%B2
成功!
处理页面: 16; 下载页面: 16; 失败数: 0; 剩余URL: 885; 下载总量: 544.0KB.


2012-4-25 21:24:13
http://www.hudong.com/wiki/%E4%BF%9D%E5%AF%86%E7%84%A6%E8%99%91%E7%97%87
成功!
处理页面: 17; 下载页面: 17; 失败数: 0; 剩余URL: 936; 下载总量: 573.0KB.


2012-4-25 21:24:14
http://www.hudong.com/wiki/%E5%85%89%E7%85%A7%E8%83%8E%E6%95%99
成功!
处理页面: 18; 下载页面: 18; 失败数: 0; 剩余URL: 970; 下载总量: 599.0KB.


2012-4-25 21:24:15
http://www.hudong.com/wiki/%E4%BC%AA%E6%B2%9F%E9%80%9A
成功!
处理页面: 19; 下载页面: 19; 失败数: 0; 剩余URL: 1029; 下载总量: 626.0KB.


2012-4-25 21:24:16
http://www.hudong.com/wiki/%E4%B8%8E%E5%A6%BB%E4%B9%A6%E4%BD%93
成功!
处理页面: 20; 下载页面: 20; 失败数: 0; 剩余URL: 1086; 下载总量: 660.0KB.


2012-4-25 21:24:17
http://www.hudong.com/wiki/%E7%BA%B3%E7%B1%B3%E5%96%B7%E9%9B%BE
成功!
处理页面: 21; 下载页面: 21; 失败数: 0; 剩余URL: 1107; 下载总量: 680.0KB.


2012-4-25 21:24:18
http://www.hudong.com/wiki/%E8%83%B8%E7%BD%A9%E7%BB%BC%E5%90%88%E5%BE%81
成功!
处理页面: 22; 下载页面: 22; 失败数: 0; 剩余URL: 1136; 下载总量: 703.0KB.


2012-4-25 21:24:18
http://www.hudong.com/wiki/BMW%E6%97%8F
成功!
处理页面: 23; 下载页面: 23; 失败数: 0; 剩余URL: 1175; 下载总量: 733.0KB.


2012-4-25 21:24:19
http://www.hudong.com/wiki/%E9%81%A5%E6%8E%A7%E5%8A%A8%E5%8A%9B%E9%9E%8B
成功!
处理页面: 24; 下载页面: 24; 失败数: 0; 剩余URL: 1195; 下载总量: 754.0KB.


2012-4-25 21:24:20
http://www.hudong.com/inci/index.html
成功!
处理页面: 25; 下载页面: 25; 失败数: 0; 剩余URL: 1230; 下载总量: 762.0KB.


2012-4-25 21:24:21
http://group.hudong.com/li_shi/bbs/yQ11RVUReA2BffENH.html
成功!
处理页面: 26; 下载页面: 26; 失败数: 0; 剩余URL: 1250; 下载总量: 783.0KB.


2012-4-25 21:24:21
http://c.hudong.com/more/xinpin.html
成功!
处理页面: 27; 下载页面: 27; 失败数: 0; 剩余URL: 1293; 下载总量: 795.0KB.


2012-4-25 21:24:23
http://www.hudong.com/wiki/%E9%A5%BC%E5%B9%B2%E7%94%B5%E6%A2%AF
成功!
处理页面: 28; 下载页面: 28; 失败数: 0; 剩余URL: 1349; 下载总量: 823.0KB.


2012-4-25 21:24:23
http://group.hudong.com/zhwm0378/bbs/zAQNWX1leUEFVUnoA.html
成功!
处理页面: 29; 下载页面: 29; 失败数: 0; 剩余URL: 1461; 下载总量: 884.0KB.


2012-4-25 21:24:24
http://group.hudong.com/yu_wen/bbs/TAAREAwRXW0dBWAEA.html
成功!
处理页面: 30; 下载页面: 30; 失败数: 0; 剩余URL: 1473; 下载总量: 901.0KB.


2012-4-25 21:24:24
http://group.hudong.com/dzjk/bbs/GdwFRBHZmXWBbaEd8.html
成功!
处理页面: 31; 下载页面: 31; 失败数: 0; 剩余URL: 1488; 下载总量: 918.0KB.


2012-4-25 21:24:26
http://group.hudong.com/painter/bbs/fRRxfQEcEXkFYVBNB.html
成功!
处理页面: 32; 下载页面: 32; 失败数: 0; 剩余URL: 1524; 下载总量: 933.0KB.


2012-4-25 21:24:27
http://group.hudong.com/yu_wen/
成功!
处理页面: 33; 下载页面: 33; 失败数: 0; 剩余URL: 1529; 下载总量: 967.0KB.


2012-4-25 21:24:28
http://group.hudong.com/painter/
成功!
处理页面: 34; 下载页面: 35; 失败数: 0; 剩余URL: 1546; 下载总量: 1016.0KB.


2012-4-25 21:24:28
http://group.hudong.com/chemistry/bbs/jRQNBCFgWAldfA0lG.html
成功!
处理页面: 35; 下载页面: 35; 失败数: 0; 剩余URL: 1546; 下载总量: 1016.0KB.


2012-4-25 21:24:29
http://www.hudong.com/shouye/more/keji.html
成功!
处理页面: 36; 下载页面: 36; 失败数: 0; 剩余URL: 1628; 下载总量: 1.008MB.


2012-4-25 21:24:29
http://www.hudong.com/wiki/%E7%B1%BB%E4%BA%BA%E6%9C%BA%E5%99%A8%E4%BA%BA
成功!
处理页面: 37; 下载页面: 37; 失败数: 0; 剩余URL: 1652; 下载总量: 1.029MB.


2012-4-25 21:24:30
http://www.hudong.com/wiki/%E7%81%AD%E5%A4%9A%E5%A8%81
成功!
处理页面: 38; 下载页面: 38; 失败数: 0; 剩余URL: 1687; 下载总量: 1.058MB.


2012-4-25 21:24:31
http://www.hudong.com/z/jiaoshi/index.html
成功!
处理页面: 39; 下载页面: 39; 失败数: 0; 剩余URL: 1798; 下载总量: 1.098MB.


2012-4-25 21:24:33
http://www.hudong.com/wiki/%E5%9C%B0%E9%9D%A2%E6%B2%89%E9%99%8D
成功!
处理页面: 40; 下载页面: 40; 失败数: 0; 剩余URL: 1947; 下载总量: 1.151MB.


2012-4-25 21:24:34
http://www.hudong.com/wiki/%E5%A4%A9%E6%B2%B3%E4%B8%80%E5%8F%B7
成功!
处理页面: 41; 下载页面: 42; 失败数: 0; 剩余URL: 2108; 下载总量: 1.275MB.


2012-4-25 21:24:34
http://www.hudong.com/wiki/%E5%9C%B0%E7%83%AD%E8%83%BD
成功!
处理页面: 42; 下载页面: 42; 失败数: 0; 剩余URL: 2108; 下载总量: 1.275MB.


2012-4-25 21:24:35
http://www.hudong.com/wiki/%E9%9A%90%E7%9D%BE
成功!
处理页面: 43; 下载页面: 43; 失败数: 0; 剩余URL: 2174; 下载总量: 1.314MB.


2012-4-25 21:24:35
http://www.hudong.com/wiki/%E4%BA%A7%E5%89%8D%E5%9F%BA%E5%9B%A0%E7%96%97%E6%B3%95
成功!
处理页面: 44; 下载页面: 44; 失败数: 0; 剩余URL: 2204; 下载总量: 1.336MB.


2012-4-25 21:24:36
http://www.hudong.com/wiki/%E4%B8%AD%E5%8D%8E%E9%BC%A2%E9%BC%A0
成功!
处理页面: 45; 下载页面: 45; 失败数: 0; 剩余URL: 2247; 下载总量: 1.368MB.


2012-4-25 21:24:37
http://www.hudong.com/wiki/%E8%84%91%E6%AD%BB%E4%BA%A1
成功!
处理页面: 46; 下载页面: 46; 失败数: 0; 剩余URL: 2309; 下载总量: 1.407MB.


2012-4-25 21:24:38
http://www.hudong.com/wiki/%E5%B0%8F%E5%84%BF%E9%BA%BB%E7%97%B9%E7%97%87
成功!
处理页面: 47; 下载页面: 47; 失败数: 0; 剩余URL: 2433; 下载总量: 1.459MB.


2012-4-25 21:24:39
http://www.hudong.com/giftshop/index.html
成功!
处理页面: 48; 下载页面: 48; 失败数: 0; 剩余URL: 2513; 下载总量: 1.500MB.


2012-4-25 21:24:39
http://www.hudong.com/shouye/more/renwu.html
成功!
处理页面: 49; 下载页面: 49; 失败数: 0; 剩余URL: 2596; 下载总量: 1.518MB.


2012-4-25 21:24:40
http://www.hudong.com/wiki/%E8%90%A8%E5%B0%94%E7%93%A6%C2%B7%E5%9F%BA%E5%B0%94
成功!
处理页面: 50; 下载页面: 50; 失败数: 0; 剩余URL: 2622; 下载总量: 1.542MB.


2012-4-25 21:24:41
http://www.hudong.com/wiki/%E6%8B%9F%E4%BA%BA%E6%9C%BA%E5%99%A8%E4%BA%BA
成功!
处理页面: 51; 下载页面: 51; 失败数: 0; 剩余URL: 2656; 下载总量: 1.570MB.


2012-4-25 21:24:43
http://group.hudong.com/hddl/
成功!
处理页面: 52; 下载页面: 52; 失败数: 0; 剩余URL: 2676; 下载总量: 1.605MB.


2012-4-25 21:24:43
http://group.hudong.com/li_shi/
成功!
处理页面: 53; 下载页面: 53; 失败数: 0; 剩余URL: 2689; 下载总量: 1.640MB.


2012-4-25 21:24:44
http://group.hudong.com/zhwm0378/
成功!
处理页面: 54; 下载页面: 54; 失败数: 0; 剩余URL: 2700; 下载总量: 1.674MB.


2012-4-25 21:24:45
http://group.hudong.com/dzjk/
成功!
处理页面: 55; 下载页面: 55; 失败数: 0; 剩余URL: 2704; 下载总量: 1.705MB.


2012-4-25 21:24:46
http://group.hudong.com/chemistry/
成功!
处理页面: 56; 下载页面: 56; 失败数: 0; 剩余URL: 2710; 下载总量: 1.737MB.


2012-4-25 21:24:46
http://www.hudong.com/wiki/%E4%BA%92%E5%8A%A8%E7%99%BE%E7%A7%91%EF%BC%9A%E4%B8%93%E4%B8%9A%E8%AE%A4%E8%AF%81%E6%99%BA%E6%84%BF%E8%80%85?prd=shouye_zhiyuanzhe
成功!
处理页面: 57; 下载页面: 57; 失败数: 0; 剩余URL: 2726; 下载总量: 1.756MB.


2012-4-25 21:24:47
http://www.hudong.com/wiki/%E7%9B%96%E5%B0%94%C2%B7%E5%93%88%E5%B0%94%E5%BE%B7
成功!
处理页面: 58; 下载页面: 58; 失败数: 0; 剩余URL: 2757; 下载总量: 1.782MB.


2012-4-25 21:24:47
http://group.hudong.com/hddl/bbs/MZH10agFZZGINdVJn.html
成功!
处理页面: 59; 下载页面: 59; 失败数: 0; 剩余URL: 2776; 下载总量: 1.801MB.


2012-4-25 21:25:33 正在初始化...
2012-4-25 21:25:34 数据库读取成功！
2012-4-25 21:25:34 初始化成功!

2012-4-25 21:25:35
http://www.hudong.com
成功!
处理页面: 1; 下载页面: 1; 失败数: 0; 剩余URL: 37; 下载总量: 73.0KB.


2012-4-25 21:25:35
http://www.huimg.cn/public/images/logo110901.gif
成功!
处理页面: 2; 下载页面: 1; 失败数: 0; 剩余URL: 0; 下载总量: 73.0KB.


2012-4-25 21:25:36
http://static.hudong.com/41/62/18100000003481133534625836333.jpg
成功!
处理页面: 3; 下载页面: 1; 失败数: 0; 剩余URL: 0; 下载总量: 73.0KB.


2012-4-25 21:25:38
http://static.hudong.com/22/25/18100000000841133515250172488.jpg
成功!
处理页面: 4; 下载页面: 1; 失败数: 0; 剩余URL: 0; 下载总量: 73.0KB.


2012-4-25 21:25:38
http://static.hudong.com/40/41/18100000001021133533415890555.jpg
成功!
处理页面: 5; 下载页面: 1; 失败数: 0; 剩余URL: 0; 下载总量: 73.0KB.


2012-4-25 21:25:38
http://static.hudong.com/32/27/18100000000841133523277723073.jpg
成功!
处理页面: 6; 下载页面: 1; 失败数: 0; 剩余URL: 0; 下载总量: 73.0KB.


2012-4-25 21:25:39
http://static.hudong.com/81/61/18100000000841133488617759040.jpg
成功!
处理页面: 7; 下载页面: 1; 失败数: 0; 剩余URL: 0; 下载总量: 73.0KB.


2012-4-25 21:25:40
http://static.hudong.com/64/94/18100000003441133531943417502.jpg
成功!
处理页面: 8; 下载页面: 1; 失败数: 0; 剩余URL: 0; 下载总量: 73.0KB.


2012-4-25 21:25:41
http://static.hudong.com/71/33/18100000003781133515333269276.jpg
成功!
处理页面: 9; 下载页面: 1; 失败数: 0; 剩余URL: 0; 下载总量: 73.0KB.


2012-4-25 21:25:42
http://static.hudong.com/22/75/18100000003781133489759914863.jpg
成功!
处理页面: 10; 下载页面: 1; 失败数: 0; 剩余URL: 0; 下载总量: 73.0KB.


2012-4-25 21:25:42
http://static.hudong.com/82/17/18100000003481133534173217525.jpg
成功!
处理页面: 11; 下载页面: 1; 失败数: 0; 剩余URL: 0; 下载总量: 73.0KB.


2012-4-25 21:25:43
http://static.hudong.com/41/25/18100000002801133532250684936.jpg
成功!
处理页面: 12; 下载页面: 1; 失败数: 0; 剩余URL: 0; 下载总量: 73.0KB.


